{"/home/penssake/401Codellows/lab-assignments/16-19-rest-api-with-auth-and-file-assets/lab2-christina/__test__/lib/account-mock.js": {"path":"/home/penssake/401Codellows/lab-assignments/16-19-rest-api-with-auth-and-file-assets/lab2-christina/__test__/lib/account-mock.js","statementMap":{"0":{"start":{"line":3,"column":14},"end":{"line":3,"column":30}},"1":{"start":{"line":4,"column":16},"end":{"line":4,"column":49}},"2":{"start":{"line":6,"column":13},"end":{"line":29,"column":1}},"3":{"start":{"line":7,"column":15},"end":{"line":13,"column":3}},"4":{"start":{"line":15,"column":2},"end":{"line":28,"column":7}},"5":{"start":{"line":17,"column":6},"end":{"line":17,"column":31}},"6":{"start":{"line":18,"column":6},"end":{"line":18,"column":35}},"7":{"start":{"line":22,"column":6},"end":{"line":22,"column":27}},"8":{"start":{"line":23,"column":6},"end":{"line":23,"column":50}},"9":{"start":{"line":26,"column":6},"end":{"line":26,"column":31}},"10":{"start":{"line":27,"column":6},"end":{"line":27,"column":20}},"11":{"start":{"line":31,"column":15},"end":{"line":31,"column":39}},"12":{"start":{"line":31,"column":21},"end":{"line":31,"column":39}},"13":{"start":{"line":33,"column":0},"end":{"line":33,"column":36}}},"fnMap":{"0":{"name":"(anonymous_0)","decl":{"start":{"line":6,"column":13},"end":{"line":6,"column":14}},"loc":{"start":{"line":6,"column":19},"end":{"line":29,"column":1}},"line":6},"1":{"name":"(anonymous_1)","decl":{"start":{"line":16,"column":10},"end":{"line":16,"column":11}},"loc":{"start":{"line":16,"column":21},"end":{"line":19,"column":5}},"line":16},"2":{"name":"(anonymous_2)","decl":{"start":{"line":21,"column":10},"end":{"line":21,"column":11}},"loc":{"start":{"line":21,"column":19},"end":{"line":24,"column":5}},"line":21},"3":{"name":"(anonymous_3)","decl":{"start":{"line":25,"column":10},"end":{"line":25,"column":11}},"loc":{"start":{"line":25,"column":21},"end":{"line":28,"column":5}},"line":25},"4":{"name":"(anonymous_4)","decl":{"start":{"line":31,"column":15},"end":{"line":31,"column":16}},"loc":{"start":{"line":31,"column":21},"end":{"line":31,"column":39}},"line":31}},"branchMap":{},"s":{"0":3,"1":3,"2":3,"3":5,"4":5,"5":3,"6":3,"7":3,"8":3,"9":3,"10":3,"11":3,"12":5,"13":3},"f":{"0":5,"1":3,"2":3,"3":3,"4":5},"b":{},"_coverageSchema":"332fd63041d2c1bcb487cc26dd0d5f7d97098a6c","hash":"b325c48a96ea89718d3e0ff8be54737b978e2c73"}
,"/home/penssake/401Codellows/lab-assignments/16-19-rest-api-with-auth-and-file-assets/lab2-christina/__test__/lib/profile-mock.js": {"path":"/home/penssake/401Codellows/lab-assignments/16-19-rest-api-with-auth-and-file-assets/lab2-christina/__test__/lib/profile-mock.js","statementMap":{"0":{"start":{"line":3,"column":14},"end":{"line":3,"column":30}},"1":{"start":{"line":4,"column":20},"end":{"line":4,"column":48}},"2":{"start":{"line":5,"column":16},"end":{"line":5,"column":49}},"3":{"start":{"line":7,"column":20},"end":{"line":7,"column":39}},"4":{"start":{"line":9,"column":0},"end":{"line":28,"column":2}},"5":{"start":{"line":10,"column":15},"end":{"line":10,"column":17}},"6":{"start":{"line":11,"column":2},"end":{"line":27,"column":7}},"7":{"start":{"line":13,"column":6},"end":{"line":13,"column":39}},"8":{"start":{"line":14,"column":6},"end":{"line":22,"column":16}},"9":{"start":{"line":25,"column":6},"end":{"line":25,"column":31}},"10":{"start":{"line":26,"column":6},"end":{"line":26,"column":20}},"11":{"start":{"line":30,"column":0},"end":{"line":35,"column":2}},"12":{"start":{"line":31,"column":2},"end":{"line":34,"column":5}}},"fnMap":{"0":{"name":"(anonymous_0)","decl":{"start":{"line":9,"column":21},"end":{"line":9,"column":22}},"loc":{"start":{"line":9,"column":27},"end":{"line":28,"column":1}},"line":9},"1":{"name":"(anonymous_1)","decl":{"start":{"line":12,"column":10},"end":{"line":12,"column":11}},"loc":{"start":{"line":12,"column":25},"end":{"line":23,"column":5}},"line":12},"2":{"name":"(anonymous_2)","decl":{"start":{"line":24,"column":10},"end":{"line":24,"column":11}},"loc":{"start":{"line":24,"column":21},"end":{"line":27,"column":5}},"line":24},"3":{"name":"(anonymous_3)","decl":{"start":{"line":30,"column":21},"end":{"line":30,"column":22}},"loc":{"start":{"line":30,"column":27},"end":{"line":35,"column":1}},"line":30}},"branchMap":{},"s":{"0":1,"1":1,"2":1,"3":1,"4":1,"5":0,"6":0,"7":0,"8":0,"9":0,"10":0,"11":1,"12":3},"f":{"0":0,"1":0,"2":0,"3":3},"b":{},"_coverageSchema":"332fd63041d2c1bcb487cc26dd0d5f7d97098a6c","hash":"81b7762e6364ade269626df39f92ec04ddde389a"}
,"/home/penssake/401Codellows/lab-assignments/16-19-rest-api-with-auth-and-file-assets/lab2-christina/__test__/lib/sample-mock.js": {"path":"/home/penssake/401Codellows/lab-assignments/16-19-rest-api-with-auth-and-file-assets/lab2-christina/__test__/lib/sample-mock.js","statementMap":{"0":{"start":{"line":3,"column":14},"end":{"line":3,"column":30}},"1":{"start":{"line":4,"column":20},"end":{"line":4,"column":48}},"2":{"start":{"line":5,"column":15},"end":{"line":5,"column":47}},"3":{"start":{"line":7,"column":15},"end":{"line":22,"column":1}},"4":{"start":{"line":8,"column":15},"end":{"line":8,"column":17}},"5":{"start":{"line":9,"column":2},"end":{"line":21,"column":7}},"6":{"start":{"line":11,"column":6},"end":{"line":11,"column":35}},"7":{"start":{"line":12,"column":6},"end":{"line":16,"column":16}},"8":{"start":{"line":19,"column":6},"end":{"line":19,"column":29}},"9":{"start":{"line":20,"column":6},"end":{"line":20,"column":20}},"10":{"start":{"line":24,"column":15},"end":{"line":29,"column":1}},"11":{"start":{"line":25,"column":2},"end":{"line":28,"column":5}},"12":{"start":{"line":31,"column":0},"end":{"line":31,"column":36}}},"fnMap":{"0":{"name":"(anonymous_0)","decl":{"start":{"line":7,"column":15},"end":{"line":7,"column":16}},"loc":{"start":{"line":7,"column":21},"end":{"line":22,"column":1}},"line":7},"1":{"name":"(anonymous_1)","decl":{"start":{"line":10,"column":10},"end":{"line":10,"column":11}},"loc":{"start":{"line":10,"column":21},"end":{"line":17,"column":5}},"line":10},"2":{"name":"(anonymous_2)","decl":{"start":{"line":18,"column":10},"end":{"line":18,"column":11}},"loc":{"start":{"line":18,"column":20},"end":{"line":21,"column":5}},"line":18},"3":{"name":"(anonymous_3)","decl":{"start":{"line":24,"column":15},"end":{"line":24,"column":16}},"loc":{"start":{"line":24,"column":21},"end":{"line":29,"column":1}},"line":24}},"branchMap":{},"s":{"0":1,"1":1,"2":1,"3":1,"4":0,"5":0,"6":0,"7":0,"8":0,"9":0,"10":1,"11":1,"12":1},"f":{"0":0,"1":0,"2":0,"3":1},"b":{},"_coverageSchema":"332fd63041d2c1bcb487cc26dd0d5f7d97098a6c","hash":"199c22184745f668db9cfe449870dbcfe397ac36"}
,"/home/penssake/401Codellows/lab-assignments/16-19-rest-api-with-auth-and-file-assets/lab2-christina/__test__/lib/setup.js": {"path":"/home/penssake/401Codellows/lab-assignments/16-19-rest-api-with-auth-and-file-assets/lab2-christina/__test__/lib/setup.js","statementMap":{"0":{"start":{"line":3,"column":0},"end":{"line":3,"column":24}},"1":{"start":{"line":4,"column":0},"end":{"line":4,"column":56}},"2":{"start":{"line":5,"column":0},"end":{"line":5,"column":50}},"3":{"start":{"line":6,"column":0},"end":{"line":6,"column":42}},"4":{"start":{"line":7,"column":0},"end":{"line":7,"column":38}},"5":{"start":{"line":8,"column":0},"end":{"line":8,"column":53}},"6":{"start":{"line":9,"column":0},"end":{"line":9,"column":77}}},"fnMap":{},"branchMap":{},"s":{"0":3,"1":3,"2":3,"3":3,"4":3,"5":3,"6":3},"f":{},"b":{},"_coverageSchema":"332fd63041d2c1bcb487cc26dd0d5f7d97098a6c","hash":"33edf6f38f40451832600b44217e76f023717437"}
,"/home/penssake/401Codellows/lab-assignments/16-19-rest-api-with-auth-and-file-assets/lab2-christina/lib/basic-auth-middleware.js": {"path":"/home/penssake/401Codellows/lab-assignments/16-19-rest-api-with-auth-and-file-assets/lab2-christina/lib/basic-auth-middleware.js","statementMap":{"0":{"start":{"line":3,"column":19},"end":{"line":3,"column":41}},"1":{"start":{"line":4,"column":16},"end":{"line":4,"column":46}},"2":{"start":{"line":6,"column":0},"end":{"line":29,"column":2}},"3":{"start":{"line":7,"column":2},"end":{"line":8,"column":84}},"4":{"start":{"line":8,"column":4},"end":{"line":8,"column":84}},"5":{"start":{"line":10,"column":18},"end":{"line":10,"column":66}},"6":{"start":{"line":11,"column":2},"end":{"line":12,"column":74}},"7":{"start":{"line":12,"column":4},"end":{"line":12,"column":74}},"8":{"start":{"line":13,"column":16},"end":{"line":13,"column":56}},"9":{"start":{"line":14,"column":29},"end":{"line":14,"column":47}},"10":{"start":{"line":15,"column":2},"end":{"line":16,"column":84}},"11":{"start":{"line":16,"column":4},"end":{"line":16,"column":84}},"12":{"start":{"line":18,"column":2},"end":{"line":28,"column":17}},"13":{"start":{"line":20,"column":6},"end":{"line":21,"column":74}},"14":{"start":{"line":21,"column":8},"end":{"line":21,"column":74}},"15":{"start":{"line":22,"column":6},"end":{"line":22,"column":46}},"16":{"start":{"line":25,"column":6},"end":{"line":25,"column":32}},"17":{"start":{"line":26,"column":6},"end":{"line":26,"column":13}}},"fnMap":{"0":{"name":"(anonymous_0)","decl":{"start":{"line":6,"column":17},"end":{"line":6,"column":18}},"loc":{"start":{"line":6,"column":46},"end":{"line":29,"column":1}},"line":6},"1":{"name":"(anonymous_1)","decl":{"start":{"line":19,"column":10},"end":{"line":19,"column":11}},"loc":{"start":{"line":19,"column":21},"end":{"line":23,"column":5}},"line":19},"2":{"name":"(anonymous_2)","decl":{"start":{"line":24,"column":10},"end":{"line":24,"column":11}},"loc":{"start":{"line":24,"column":21},"end":{"line":27,"column":5}},"line":24}},"branchMap":{"0":{"loc":{"start":{"line":7,"column":2},"end":{"line":8,"column":84}},"type":"if","locations":[{"start":{"line":7,"column":2},"end":{"line":8,"column":84}},{"start":{"line":7,"column":2},"end":{"line":8,"column":84}}],"line":7},"1":{"loc":{"start":{"line":11,"column":2},"end":{"line":12,"column":74}},"type":"if","locations":[{"start":{"line":11,"column":2},"end":{"line":12,"column":74}},{"start":{"line":11,"column":2},"end":{"line":12,"column":74}}],"line":11},"2":{"loc":{"start":{"line":15,"column":2},"end":{"line":16,"column":84}},"type":"if","locations":[{"start":{"line":15,"column":2},"end":{"line":16,"column":84}},{"start":{"line":15,"column":2},"end":{"line":16,"column":84}}],"line":15},"3":{"loc":{"start":{"line":15,"column":5},"end":{"line":15,"column":27}},"type":"binary-expr","locations":[{"start":{"line":15,"column":5},"end":{"line":15,"column":14}},{"start":{"line":15,"column":18},"end":{"line":15,"column":27}}],"line":15},"4":{"loc":{"start":{"line":20,"column":6},"end":{"line":21,"column":74}},"type":"if","locations":[{"start":{"line":20,"column":6},"end":{"line":21,"column":74}},{"start":{"line":20,"column":6},"end":{"line":21,"column":74}}],"line":20}},"s":{"0":3,"1":3,"2":3,"3":1,"4":0,"5":1,"6":1,"7":0,"8":1,"9":1,"10":1,"11":0,"12":1,"13":1,"14":1,"15":0,"16":0,"17":0},"f":{"0":1,"1":1,"2":0},"b":{"0":[0,1],"1":[0,1],"2":[0,1],"3":[1,1],"4":[1,0]},"_coverageSchema":"332fd63041d2c1bcb487cc26dd0d5f7d97098a6c","hash":"c94d9e64d8dfd863fc1876cf735df1a5c9d0e84a"}
,"/home/penssake/401Codellows/lab-assignments/16-19-rest-api-with-auth-and-file-assets/lab2-christina/lib/bearer-auth-middleware.js": {"path":"/home/penssake/401Codellows/lab-assignments/16-19-rest-api-with-auth-and-file-assets/lab2-christina/lib/bearer-auth-middleware.js","statementMap":{"0":{"start":{"line":3,"column":12},"end":{"line":3,"column":35}},"1":{"start":{"line":4,"column":19},"end":{"line":4,"column":41}},"2":{"start":{"line":5,"column":16},"end":{"line":5,"column":46}},"3":{"start":{"line":7,"column":18},"end":{"line":14,"column":1}},"4":{"start":{"line":7,"column":26},"end":{"line":14,"column":1}},"5":{"start":{"line":8,"column":2},"end":{"line":13,"column":5}},"6":{"start":{"line":9,"column":4},"end":{"line":12,"column":7}},"7":{"start":{"line":10,"column":6},"end":{"line":10,"column":33}},"8":{"start":{"line":10,"column":14},"end":{"line":10,"column":33}},"9":{"start":{"line":11,"column":6},"end":{"line":11,"column":20}},"10":{"start":{"line":16,"column":0},"end":{"line":34,"column":2}},"11":{"start":{"line":17,"column":2},"end":{"line":18,"column":84}},"12":{"start":{"line":18,"column":4},"end":{"line":18,"column":84}},"13":{"start":{"line":20,"column":16},"end":{"line":20,"column":65}},"14":{"start":{"line":21,"column":2},"end":{"line":22,"column":67}},"15":{"start":{"line":22,"column":4},"end":{"line":22,"column":67}},"16":{"start":{"line":24,"column":2},"end":{"line":33,"column":17}},"17":{"start":{"line":25,"column":18},"end":{"line":25,"column":54}},"18":{"start":{"line":27,"column":6},"end":{"line":27,"column":63}},"19":{"start":{"line":30,"column":6},"end":{"line":30,"column":32}},"20":{"start":{"line":31,"column":6},"end":{"line":31,"column":13}}},"fnMap":{"0":{"name":"(anonymous_0)","decl":{"start":{"line":7,"column":18},"end":{"line":7,"column":19}},"loc":{"start":{"line":7,"column":26},"end":{"line":14,"column":1}},"line":7},"1":{"name":"(anonymous_1)","decl":{"start":{"line":7,"column":26},"end":{"line":7,"column":27}},"loc":{"start":{"line":7,"column":39},"end":{"line":14,"column":1}},"line":7},"2":{"name":"(anonymous_2)","decl":{"start":{"line":8,"column":21},"end":{"line":8,"column":22}},"loc":{"start":{"line":8,"column":42},"end":{"line":13,"column":3}},"line":8},"3":{"name":"(anonymous_3)","decl":{"start":{"line":9,"column":16},"end":{"line":9,"column":17}},"loc":{"start":{"line":9,"column":31},"end":{"line":12,"column":5}},"line":9},"4":{"name":"(anonymous_4)","decl":{"start":{"line":16,"column":17},"end":{"line":16,"column":18}},"loc":{"start":{"line":16,"column":46},"end":{"line":34,"column":1}},"line":16},"5":{"name":"(anonymous_5)","decl":{"start":{"line":25,"column":11},"end":{"line":25,"column":12}},"loc":{"start":{"line":25,"column":18},"end":{"line":25,"column":54}},"line":25},"6":{"name":"(anonymous_6)","decl":{"start":{"line":26,"column":10},"end":{"line":26,"column":11}},"loc":{"start":{"line":26,"column":23},"end":{"line":28,"column":5}},"line":26},"7":{"name":"(anonymous_7)","decl":{"start":{"line":29,"column":10},"end":{"line":29,"column":11}},"loc":{"start":{"line":29,"column":21},"end":{"line":32,"column":5}},"line":29}},"branchMap":{"0":{"loc":{"start":{"line":10,"column":6},"end":{"line":10,"column":33}},"type":"if","locations":[{"start":{"line":10,"column":6},"end":{"line":10,"column":33}},{"start":{"line":10,"column":6},"end":{"line":10,"column":33}}],"line":10},"1":{"loc":{"start":{"line":17,"column":2},"end":{"line":18,"column":84}},"type":"if","locations":[{"start":{"line":17,"column":2},"end":{"line":18,"column":84}},{"start":{"line":17,"column":2},"end":{"line":18,"column":84}}],"line":17},"2":{"loc":{"start":{"line":21,"column":2},"end":{"line":22,"column":67}},"type":"if","locations":[{"start":{"line":21,"column":2},"end":{"line":22,"column":67}},{"start":{"line":21,"column":2},"end":{"line":22,"column":67}}],"line":21}},"s":{"0":3,"1":3,"2":3,"3":3,"4":3,"5":3,"6":3,"7":3,"8":0,"9":3,"10":3,"11":4,"12":0,"13":4,"14":4,"15":1,"16":3,"17":0,"18":3,"19":3,"20":3},"f":{"0":3,"1":3,"2":3,"3":3,"4":4,"5":0,"6":3,"7":3},"b":{"0":[0,3],"1":[0,4],"2":[1,3]},"_coverageSchema":"332fd63041d2c1bcb487cc26dd0d5f7d97098a6c","hash":"f242964a653596985d2e26fa49dc186a29e8d598"}
,"/home/penssake/401Codellows/lab-assignments/16-19-rest-api-with-auth-and-file-assets/lab2-christina/lib/error-middleware.js": {"path":"/home/penssake/401Codellows/lab-assignments/16-19-rest-api-with-auth-and-file-assets/lab2-christina/lib/error-middleware.js","statementMap":{"0":{"start":{"line":3,"column":0},"end":{"line":24,"column":2}},"1":{"start":{"line":5,"column":2},"end":{"line":6,"column":45}},"2":{"start":{"line":6,"column":4},"end":{"line":6,"column":45}},"3":{"start":{"line":8,"column":16},"end":{"line":8,"column":43}},"4":{"start":{"line":10,"column":2},"end":{"line":11,"column":36}},"5":{"start":{"line":11,"column":4},"end":{"line":11,"column":36}},"6":{"start":{"line":13,"column":2},"end":{"line":14,"column":36}},"7":{"start":{"line":14,"column":4},"end":{"line":14,"column":36}},"8":{"start":{"line":16,"column":2},"end":{"line":17,"column":36}},"9":{"start":{"line":17,"column":4},"end":{"line":17,"column":36}},"10":{"start":{"line":19,"column":2},"end":{"line":20,"column":36}},"11":{"start":{"line":20,"column":4},"end":{"line":20,"column":36}},"12":{"start":{"line":22,"column":2},"end":{"line":22,"column":27}}},"fnMap":{"0":{"name":"(anonymous_0)","decl":{"start":{"line":3,"column":17},"end":{"line":3,"column":18}},"loc":{"start":{"line":3,"column":53},"end":{"line":24,"column":1}},"line":3}},"branchMap":{"0":{"loc":{"start":{"line":5,"column":2},"end":{"line":6,"column":45}},"type":"if","locations":[{"start":{"line":5,"column":2},"end":{"line":6,"column":45}},{"start":{"line":5,"column":2},"end":{"line":6,"column":45}}],"line":5},"1":{"loc":{"start":{"line":10,"column":2},"end":{"line":11,"column":36}},"type":"if","locations":[{"start":{"line":10,"column":2},"end":{"line":11,"column":36}},{"start":{"line":10,"column":2},"end":{"line":11,"column":36}}],"line":10},"2":{"loc":{"start":{"line":13,"column":2},"end":{"line":14,"column":36}},"type":"if","locations":[{"start":{"line":13,"column":2},"end":{"line":14,"column":36}},{"start":{"line":13,"column":2},"end":{"line":14,"column":36}}],"line":13},"3":{"loc":{"start":{"line":16,"column":2},"end":{"line":17,"column":36}},"type":"if","locations":[{"start":{"line":16,"column":2},"end":{"line":17,"column":36}},{"start":{"line":16,"column":2},"end":{"line":17,"column":36}}],"line":16},"4":{"loc":{"start":{"line":19,"column":2},"end":{"line":20,"column":36}},"type":"if","locations":[{"start":{"line":19,"column":2},"end":{"line":20,"column":36}},{"start":{"line":19,"column":2},"end":{"line":20,"column":36}}],"line":19}},"s":{"0":3,"1":5,"2":3,"3":2,"4":2,"5":0,"6":2,"7":1,"8":1,"9":0,"10":1,"11":0,"12":1},"f":{"0":5},"b":{"0":[3,2],"1":[0,2],"2":[1,1],"3":[0,1],"4":[0,1]},"_coverageSchema":"332fd63041d2c1bcb487cc26dd0d5f7d97098a6c","hash":"c81cf3f3c7316698c2ffd2ec7d507e040e3e6a3e"}
,"/home/penssake/401Codellows/lab-assignments/16-19-rest-api-with-auth-and-file-assets/lab2-christina/lib/s3.js": {"path":"/home/penssake/401Codellows/lab-assignments/16-19-rest-api-with-auth-and-file-assets/lab2-christina/lib/s3.js","statementMap":{"0":{"start":{"line":3,"column":12},"end":{"line":3,"column":30}},"1":{"start":{"line":4,"column":11},"end":{"line":4,"column":30}},"2":{"start":{"line":5,"column":11},"end":{"line":5,"column":23}},"3":{"start":{"line":7,"column":15},"end":{"line":23,"column":1}},"4":{"start":{"line":8,"column":2},"end":{"line":22,"column":7}},"5":{"start":{"line":16,"column":6},"end":{"line":17,"column":39}},"6":{"start":{"line":17,"column":20},"end":{"line":17,"column":37}},"7":{"start":{"line":20,"column":6},"end":{"line":21,"column":43}},"8":{"start":{"line":21,"column":20},"end":{"line":21,"column":41}},"9":{"start":{"line":25,"column":15},"end":{"line":31,"column":1}},"10":{"start":{"line":26,"column":2},"end":{"line":30,"column":15}},"11":{"start":{"line":33,"column":0},"end":{"line":33,"column":36}}},"fnMap":{"0":{"name":"(anonymous_0)","decl":{"start":{"line":7,"column":15},"end":{"line":7,"column":16}},"loc":{"start":{"line":7,"column":30},"end":{"line":23,"column":1}},"line":7},"1":{"name":"(anonymous_1)","decl":{"start":{"line":15,"column":10},"end":{"line":15,"column":11}},"loc":{"start":{"line":15,"column":22},"end":{"line":18,"column":5}},"line":15},"2":{"name":"(anonymous_2)","decl":{"start":{"line":17,"column":14},"end":{"line":17,"column":15}},"loc":{"start":{"line":17,"column":20},"end":{"line":17,"column":37}},"line":17},"3":{"name":"(anonymous_3)","decl":{"start":{"line":19,"column":11},"end":{"line":19,"column":12}},"loc":{"start":{"line":19,"column":20},"end":{"line":22,"column":5}},"line":19},"4":{"name":"(anonymous_4)","decl":{"start":{"line":21,"column":14},"end":{"line":21,"column":15}},"loc":{"start":{"line":21,"column":20},"end":{"line":21,"column":41}},"line":21},"5":{"name":"(anonymous_5)","decl":{"start":{"line":25,"column":15},"end":{"line":25,"column":16}},"loc":{"start":{"line":25,"column":24},"end":{"line":31,"column":1}},"line":25}},"branchMap":{},"s":{"0":3,"1":3,"2":3,"3":3,"4":0,"5":0,"6":0,"7":0,"8":0,"9":3,"10":0,"11":3},"f":{"0":0,"1":0,"2":0,"3":0,"4":0,"5":0},"b":{},"_coverageSchema":"332fd63041d2c1bcb487cc26dd0d5f7d97098a6c","hash":"2fe6e22a4bbe5b712f7a363909594c1fe13217e4"}
,"/home/penssake/401Codellows/lab-assignments/16-19-rest-api-with-auth-and-file-assets/lab2-christina/lib/server.js": {"path":"/home/penssake/401Codellows/lab-assignments/16-19-rest-api-with-auth-and-file-assets/lab2-christina/lib/server.js","statementMap":{"0":{"start":{"line":3,"column":13},"end":{"line":3,"column":28}},"1":{"start":{"line":4,"column":15},"end":{"line":4,"column":32}},"2":{"start":{"line":5,"column":16},"end":{"line":5,"column":34}},"3":{"start":{"line":6,"column":17},"end":{"line":6,"column":36}},"4":{"start":{"line":7,"column":19},"end":{"line":7,"column":48}},"5":{"start":{"line":8,"column":19},"end":{"line":8,"column":53}},"6":{"start":{"line":9,"column":21},"end":{"line":9,"column":57}},"7":{"start":{"line":10,"column":22},"end":{"line":10,"column":59}},"8":{"start":{"line":11,"column":0},"end":{"line":11,"column":27}},"9":{"start":{"line":13,"column":12},"end":{"line":13,"column":21}},"10":{"start":{"line":14,"column":13},"end":{"line":14,"column":17}},"11":{"start":{"line":15,"column":19},"end":{"line":15,"column":56}},"12":{"start":{"line":17,"column":0},"end":{"line":17,"column":20}},"13":{"start":{"line":18,"column":0},"end":{"line":18,"column":49}},"14":{"start":{"line":19,"column":0},"end":{"line":19,"column":49}},"15":{"start":{"line":21,"column":0},"end":{"line":21,"column":20}},"16":{"start":{"line":22,"column":0},"end":{"line":22,"column":22}},"17":{"start":{"line":23,"column":0},"end":{"line":23,"column":23}},"18":{"start":{"line":25,"column":0},"end":{"line":25,"column":62}},"19":{"start":{"line":25,"column":36},"end":{"line":25,"column":60}},"20":{"start":{"line":26,"column":0},"end":{"line":26,"column":42}},"21":{"start":{"line":28,"column":0},"end":{"line":52,"column":2}},"22":{"start":{"line":30,"column":4},"end":{"line":38,"column":85}},"23":{"start":{"line":31,"column":6},"end":{"line":32,"column":72}},"24":{"start":{"line":32,"column":8},"end":{"line":32,"column":72}},"25":{"start":{"line":33,"column":6},"end":{"line":36,"column":9}},"26":{"start":{"line":34,"column":8},"end":{"line":34,"column":55}},"27":{"start":{"line":35,"column":8},"end":{"line":35,"column":25}},"28":{"start":{"line":38,"column":18},"end":{"line":38,"column":83}},"29":{"start":{"line":41,"column":4},"end":{"line":50,"column":41}},"30":{"start":{"line":42,"column":6},"end":{"line":43,"column":69}},"31":{"start":{"line":43,"column":8},"end":{"line":43,"column":69}},"32":{"start":{"line":44,"column":6},"end":{"line":48,"column":9}},"33":{"start":{"line":45,"column":8},"end":{"line":45,"column":22}},"34":{"start":{"line":46,"column":8},"end":{"line":46,"column":38}},"35":{"start":{"line":47,"column":8},"end":{"line":47,"column":25}},"36":{"start":{"line":50,"column":18},"end":{"line":50,"column":39}}},"fnMap":{"0":{"name":"(anonymous_0)","decl":{"start":{"line":25,"column":13},"end":{"line":25,"column":14}},"loc":{"start":{"line":25,"column":36},"end":{"line":25,"column":60}},"line":25},"1":{"name":"(anonymous_1)","decl":{"start":{"line":29,"column":9},"end":{"line":29,"column":10}},"loc":{"start":{"line":29,"column":15},"end":{"line":39,"column":3}},"line":29},"2":{"name":"(anonymous_2)","decl":{"start":{"line":30,"column":23},"end":{"line":30,"column":24}},"loc":{"start":{"line":30,"column":44},"end":{"line":37,"column":5}},"line":30},"3":{"name":"(anonymous_3)","decl":{"start":{"line":33,"column":44},"end":{"line":33,"column":45}},"loc":{"start":{"line":33,"column":50},"end":{"line":36,"column":7}},"line":33},"4":{"name":"(anonymous_4)","decl":{"start":{"line":38,"column":12},"end":{"line":38,"column":13}},"loc":{"start":{"line":38,"column":18},"end":{"line":38,"column":83}},"line":38},"5":{"name":"(anonymous_5)","decl":{"start":{"line":40,"column":8},"end":{"line":40,"column":9}},"loc":{"start":{"line":40,"column":14},"end":{"line":51,"column":3}},"line":40},"6":{"name":"(anonymous_6)","decl":{"start":{"line":41,"column":23},"end":{"line":41,"column":24}},"loc":{"start":{"line":41,"column":44},"end":{"line":49,"column":5}},"line":41},"7":{"name":"(anonymous_7)","decl":{"start":{"line":44,"column":19},"end":{"line":44,"column":20}},"loc":{"start":{"line":44,"column":25},"end":{"line":48,"column":7}},"line":44},"8":{"name":"(anonymous_8)","decl":{"start":{"line":50,"column":12},"end":{"line":50,"column":13}},"loc":{"start":{"line":50,"column":18},"end":{"line":50,"column":39}},"line":50}},"branchMap":{"0":{"loc":{"start":{"line":19,"column":15},"end":{"line":19,"column":46}},"type":"cond-expr","locations":[{"start":{"line":19,"column":28},"end":{"line":19,"column":38}},{"start":{"line":19,"column":41},"end":{"line":19,"column":46}}],"line":19},"1":{"loc":{"start":{"line":31,"column":6},"end":{"line":32,"column":72}},"type":"if","locations":[{"start":{"line":31,"column":6},"end":{"line":32,"column":72}},{"start":{"line":31,"column":6},"end":{"line":32,"column":72}}],"line":31},"2":{"loc":{"start":{"line":42,"column":6},"end":{"line":43,"column":69}},"type":"if","locations":[{"start":{"line":42,"column":6},"end":{"line":43,"column":69}},{"start":{"line":42,"column":6},"end":{"line":43,"column":69}}],"line":42}},"s":{"0":3,"1":3,"2":3,"3":3,"4":3,"5":3,"6":3,"7":3,"8":3,"9":3,"10":3,"11":3,"12":3,"13":3,"14":3,"15":3,"16":3,"17":3,"18":3,"19":0,"20":3,"21":3,"22":3,"23":3,"24":0,"25":3,"26":3,"27":3,"28":3,"29":3,"30":3,"31":0,"32":3,"33":3,"34":3,"35":3,"36":3},"f":{"0":0,"1":3,"2":3,"3":3,"4":3,"5":3,"6":3,"7":3,"8":3},"b":{"0":[0,3],"1":[0,3],"2":[0,3]},"_coverageSchema":"332fd63041d2c1bcb487cc26dd0d5f7d97098a6c","hash":"1672a304dd08cf685c3614cbfa40fce1d232d69b"}
,"/home/penssake/401Codellows/lab-assignments/16-19-rest-api-with-auth-and-file-assets/lab2-christina/model/account.js": {"path":"/home/penssake/401Codellows/lab-assignments/16-19-rest-api-with-auth-and-file-assets/lab2-christina/model/account.js","statementMap":{"0":{"start":{"line":3,"column":15},"end":{"line":3,"column":32}},"1":{"start":{"line":4,"column":15},"end":{"line":4,"column":32}},"2":{"start":{"line":5,"column":12},"end":{"line":5,"column":35}},"3":{"start":{"line":6,"column":17},"end":{"line":6,"column":36}},"4":{"start":{"line":7,"column":19},"end":{"line":7,"column":41}},"5":{"start":{"line":9,"column":22},"end":{"line":15,"column":2}},"6":{"start":{"line":14,"column":39},"end":{"line":14,"column":49}},"7":{"start":{"line":17,"column":0},"end":{"line":24,"column":2}},"8":{"start":{"line":18,"column":2},"end":{"line":23,"column":7}},"9":{"start":{"line":20,"column":6},"end":{"line":21,"column":67}},"10":{"start":{"line":21,"column":8},"end":{"line":21,"column":67}},"11":{"start":{"line":22,"column":6},"end":{"line":22,"column":18}},"12":{"start":{"line":26,"column":0},"end":{"line":33,"column":2}},"13":{"start":{"line":27,"column":2},"end":{"line":27,"column":58}},"14":{"start":{"line":28,"column":2},"end":{"line":32,"column":7}},"15":{"start":{"line":30,"column":20},"end":{"line":30,"column":37}},"16":{"start":{"line":31,"column":6},"end":{"line":31,"column":91}},"17":{"start":{"line":35,"column":0},"end":{"line":45,"column":2}},"18":{"start":{"line":36,"column":19},"end":{"line":36,"column":23}},"19":{"start":{"line":37,"column":2},"end":{"line":37,"column":23}},"20":{"start":{"line":38,"column":2},"end":{"line":44,"column":7}},"21":{"start":{"line":40,"column":6},"end":{"line":40,"column":36}},"22":{"start":{"line":41,"column":6},"end":{"line":41,"column":30}},"23":{"start":{"line":42,"column":6},"end":{"line":42,"column":39}},"24":{"start":{"line":43,"column":6},"end":{"line":43,"column":25}},"25":{"start":{"line":47,"column":16},"end":{"line":47,"column":73}},"26":{"start":{"line":49,"column":0},"end":{"line":58,"column":2}},"27":{"start":{"line":50,"column":19},"end":{"line":50,"column":23}},"28":{"start":{"line":51,"column":2},"end":{"line":51,"column":23}},"29":{"start":{"line":52,"column":2},"end":{"line":57,"column":7}},"30":{"start":{"line":54,"column":6},"end":{"line":54,"column":39}},"31":{"start":{"line":55,"column":6},"end":{"line":55,"column":62}},"32":{"start":{"line":56,"column":6},"end":{"line":56,"column":38}}},"fnMap":{"0":{"name":"(anonymous_0)","decl":{"start":{"line":14,"column":33},"end":{"line":14,"column":34}},"loc":{"start":{"line":14,"column":39},"end":{"line":14,"column":49}},"line":14},"1":{"name":"(anonymous_1)","decl":{"start":{"line":17,"column":39},"end":{"line":17,"column":40}},"loc":{"start":{"line":17,"column":58},"end":{"line":24,"column":1}},"line":17},"2":{"name":"(anonymous_2)","decl":{"start":{"line":19,"column":10},"end":{"line":19,"column":11}},"loc":{"start":{"line":19,"column":29},"end":{"line":23,"column":5}},"line":19},"3":{"name":"(anonymous_3)","decl":{"start":{"line":26,"column":36},"end":{"line":26,"column":37}},"loc":{"start":{"line":26,"column":47},"end":{"line":33,"column":1}},"line":26},"4":{"name":"(anonymous_4)","decl":{"start":{"line":29,"column":10},"end":{"line":29,"column":11}},"loc":{"start":{"line":29,"column":21},"end":{"line":32,"column":5}},"line":29},"5":{"name":"(anonymous_5)","decl":{"start":{"line":35,"column":31},"end":{"line":35,"column":32}},"loc":{"start":{"line":35,"column":46},"end":{"line":45,"column":1}},"line":35},"6":{"name":"(anonymous_6)","decl":{"start":{"line":39,"column":10},"end":{"line":39,"column":11}},"loc":{"start":{"line":39,"column":26},"end":{"line":44,"column":5}},"line":39},"7":{"name":"(anonymous_7)","decl":{"start":{"line":49,"column":17},"end":{"line":49,"column":18}},"loc":{"start":{"line":49,"column":32},"end":{"line":58,"column":1}},"line":49},"8":{"name":"(anonymous_8)","decl":{"start":{"line":53,"column":10},"end":{"line":53,"column":11}},"loc":{"start":{"line":53,"column":26},"end":{"line":57,"column":5}},"line":53}},"branchMap":{"0":{"loc":{"start":{"line":20,"column":6},"end":{"line":21,"column":67}},"type":"if","locations":[{"start":{"line":20,"column":6},"end":{"line":21,"column":67}},{"start":{"line":20,"column":6},"end":{"line":21,"column":67}}],"line":20}},"s":{"0":3,"1":3,"2":3,"3":3,"4":3,"5":3,"6":10,"7":3,"8":0,"9":0,"10":0,"11":0,"12":3,"13":4,"14":4,"15":4,"16":4,"17":3,"18":0,"19":0,"20":0,"21":0,"22":0,"23":0,"24":0,"25":3,"26":3,"27":6,"28":6,"29":6,"30":4,"31":4,"32":4},"f":{"0":10,"1":0,"2":0,"3":4,"4":4,"5":0,"6":0,"7":6,"8":4},"b":{"0":[0,0]},"_coverageSchema":"332fd63041d2c1bcb487cc26dd0d5f7d97098a6c","hash":"704ac4fc624147bc176e2b871afc257ed8f43c20"}
,"/home/penssake/401Codellows/lab-assignments/16-19-rest-api-with-auth-and-file-assets/lab2-christina/model/profile.js": {"path":"/home/penssake/401Codellows/lab-assignments/16-19-rest-api-with-auth-and-file-assets/lab2-christina/model/profile.js","statementMap":{"0":{"start":{"line":3,"column":17},"end":{"line":3,"column":36}},"1":{"start":{"line":5,"column":22},"end":{"line":15,"column":2}},"2":{"start":{"line":17,"column":0},"end":{"line":17,"column":58}}},"fnMap":{},"branchMap":{},"s":{"0":3,"1":3,"2":3},"f":{},"b":{},"_coverageSchema":"332fd63041d2c1bcb487cc26dd0d5f7d97098a6c","hash":"92f9748ed93a057c5bb51976059c50dd0afecbe7"}
,"/home/penssake/401Codellows/lab-assignments/16-19-rest-api-with-auth-and-file-assets/lab2-christina/model/sample.js": {"path":"/home/penssake/401Codellows/lab-assignments/16-19-rest-api-with-auth-and-file-assets/lab2-christina/model/sample.js","statementMap":{"0":{"start":{"line":3,"column":17},"end":{"line":3,"column":36}},"1":{"start":{"line":5,"column":21},"end":{"line":10,"column":2}},"2":{"start":{"line":9,"column":40},"end":{"line":9,"column":48}},"3":{"start":{"line":12,"column":0},"end":{"line":12,"column":56}}},"fnMap":{"0":{"name":"(anonymous_0)","decl":{"start":{"line":9,"column":34},"end":{"line":9,"column":35}},"loc":{"start":{"line":9,"column":40},"end":{"line":9,"column":48}},"line":9}},"branchMap":{},"s":{"0":3,"1":3,"2":0,"3":3},"f":{"0":0},"b":{},"_coverageSchema":"332fd63041d2c1bcb487cc26dd0d5f7d97098a6c","hash":"40da21c8bb2f126c6c0393bffbcf901a6a4895ed"}
,"/home/penssake/401Codellows/lab-assignments/16-19-rest-api-with-auth-and-file-assets/lab2-christina/route/auth-router.js": {"path":"/home/penssake/401Codellows/lab-assignments/16-19-rest-api-with-auth-and-file-assets/lab2-christina/route/auth-router.js","statementMap":{"0":{"start":{"line":3,"column":19},"end":{"line":3,"column":37}},"1":{"start":{"line":4,"column":19},"end":{"line":4,"column":48}},"2":{"start":{"line":5,"column":16},"end":{"line":5,"column":46}},"3":{"start":{"line":6,"column":19},"end":{"line":6,"column":41}},"4":{"start":{"line":7,"column":18},"end":{"line":7,"column":60}},"5":{"start":{"line":10,"column":0},"end":{"line":29,"column":5}},"6":{"start":{"line":12,"column":4},"end":{"line":13,"column":99}},"7":{"start":{"line":13,"column":6},"end":{"line":13,"column":99}},"8":{"start":{"line":15,"column":4},"end":{"line":20,"column":19}},"9":{"start":{"line":16,"column":23},"end":{"line":16,"column":44}},"10":{"start":{"line":18,"column":8},"end":{"line":18,"column":31}},"11":{"start":{"line":24,"column":4},"end":{"line":25,"column":73}},"12":{"start":{"line":25,"column":6},"end":{"line":25,"column":73}},"13":{"start":{"line":26,"column":4},"end":{"line":28,"column":19}},"14":{"start":{"line":27,"column":21},"end":{"line":27,"column":43}}},"fnMap":{"0":{"name":"(anonymous_0)","decl":{"start":{"line":11,"column":31},"end":{"line":11,"column":32}},"loc":{"start":{"line":11,"column":60},"end":{"line":21,"column":3}},"line":11},"1":{"name":"(anonymous_1)","decl":{"start":{"line":16,"column":12},"end":{"line":16,"column":13}},"loc":{"start":{"line":16,"column":23},"end":{"line":16,"column":44}},"line":16},"2":{"name":"(anonymous_2)","decl":{"start":{"line":17,"column":12},"end":{"line":17,"column":13}},"loc":{"start":{"line":17,"column":21},"end":{"line":19,"column":7}},"line":17},"3":{"name":"(anonymous_3)","decl":{"start":{"line":23,"column":28},"end":{"line":23,"column":29}},"loc":{"start":{"line":23,"column":57},"end":{"line":29,"column":3}},"line":23},"4":{"name":"(anonymous_4)","decl":{"start":{"line":27,"column":12},"end":{"line":27,"column":13}},"loc":{"start":{"line":27,"column":21},"end":{"line":27,"column":43}},"line":27}},"branchMap":{"0":{"loc":{"start":{"line":12,"column":4},"end":{"line":13,"column":99}},"type":"if","locations":[{"start":{"line":12,"column":4},"end":{"line":13,"column":99}},{"start":{"line":12,"column":4},"end":{"line":13,"column":99}}],"line":12},"1":{"loc":{"start":{"line":12,"column":7},"end":{"line":12,"column":78}},"type":"binary-expr","locations":[{"start":{"line":12,"column":7},"end":{"line":12,"column":29}},{"start":{"line":12,"column":33},"end":{"line":12,"column":52}},{"start":{"line":12,"column":56},"end":{"line":12,"column":78}}],"line":12},"2":{"loc":{"start":{"line":24,"column":4},"end":{"line":25,"column":73}},"type":"if","locations":[{"start":{"line":24,"column":4},"end":{"line":25,"column":73}},{"start":{"line":24,"column":4},"end":{"line":25,"column":73}}],"line":24}},"s":{"0":3,"1":3,"2":3,"3":3,"4":3,"5":3,"6":2,"7":1,"8":1,"9":1,"10":1,"11":0,"12":0,"13":0,"14":0},"f":{"0":2,"1":1,"2":1,"3":0,"4":0},"b":{"0":[1,1],"1":[2,1,1],"2":[0,0]},"_coverageSchema":"332fd63041d2c1bcb487cc26dd0d5f7d97098a6c","hash":"abd13ff52873bde48cb0054e21f993623b76ae52"}
,"/home/penssake/401Codellows/lab-assignments/16-19-rest-api-with-auth-and-file-assets/lab2-christina/route/profile-router.js": {"path":"/home/penssake/401Codellows/lab-assignments/16-19-rest-api-with-auth-and-file-assets/lab2-christina/route/profile-router.js","statementMap":{"0":{"start":{"line":3,"column":19},"end":{"line":3,"column":37}},"1":{"start":{"line":4,"column":19},"end":{"line":4,"column":41}},"2":{"start":{"line":5,"column":19},"end":{"line":5,"column":48}},"3":{"start":{"line":6,"column":19},"end":{"line":6,"column":62}},"4":{"start":{"line":7,"column":16},"end":{"line":7,"column":46}},"5":{"start":{"line":9,"column":0},"end":{"line":32,"column":3}},"6":{"start":{"line":11,"column":3},"end":{"line":12,"column":70}},"7":{"start":{"line":12,"column":4},"end":{"line":12,"column":70}},"8":{"start":{"line":13,"column":3},"end":{"line":22,"column":18}},"9":{"start":{"line":20,"column":7},"end":{"line":20,"column":30}},"10":{"start":{"line":25,"column":2},"end":{"line":31,"column":13}},"11":{"start":{"line":27,"column":6},"end":{"line":28,"column":69}},"12":{"start":{"line":28,"column":8},"end":{"line":28,"column":69}},"13":{"start":{"line":29,"column":4},"end":{"line":29,"column":27}}},"fnMap":{"0":{"name":"(anonymous_0)","decl":{"start":{"line":10,"column":32},"end":{"line":10,"column":33}},"loc":{"start":{"line":10,"column":61},"end":{"line":23,"column":2}},"line":10},"1":{"name":"(anonymous_1)","decl":{"start":{"line":19,"column":11},"end":{"line":19,"column":12}},"loc":{"start":{"line":19,"column":22},"end":{"line":21,"column":6}},"line":19},"2":{"name":"(anonymous_2)","decl":{"start":{"line":24,"column":34},"end":{"line":24,"column":35}},"loc":{"start":{"line":24,"column":63},"end":{"line":32,"column":1}},"line":24},"3":{"name":"(anonymous_3)","decl":{"start":{"line":26,"column":10},"end":{"line":26,"column":11}},"loc":{"start":{"line":26,"column":21},"end":{"line":30,"column":1}},"line":26}},"branchMap":{"0":{"loc":{"start":{"line":11,"column":3},"end":{"line":12,"column":70}},"type":"if","locations":[{"start":{"line":11,"column":3},"end":{"line":12,"column":70}},{"start":{"line":11,"column":3},"end":{"line":12,"column":70}}],"line":11},"1":{"loc":{"start":{"line":27,"column":6},"end":{"line":28,"column":69}},"type":"if","locations":[{"start":{"line":27,"column":6},"end":{"line":28,"column":69}},{"start":{"line":27,"column":6},"end":{"line":28,"column":69}}],"line":27}},"s":{"0":3,"1":3,"2":3,"3":3,"4":3,"5":3,"6":2,"7":0,"8":2,"9":1,"10":0,"11":0,"12":0,"13":0},"f":{"0":2,"1":1,"2":0,"3":0},"b":{"0":[0,2],"1":[0,0]},"_coverageSchema":"332fd63041d2c1bcb487cc26dd0d5f7d97098a6c","hash":"094911578f8885731ff93f9af4630e45ee81ee9d"}
,"/home/penssake/401Codellows/lab-assignments/16-19-rest-api-with-auth-and-file-assets/lab2-christina/route/sample-router.js": {"path":"/home/penssake/401Codellows/lab-assignments/16-19-rest-api-with-auth-and-file-assets/lab2-christina/route/sample-router.js","statementMap":{"0":{"start":{"line":1,"column":19},"end":{"line":1,"column":37}},"1":{"start":{"line":2,"column":15},"end":{"line":2,"column":32}},"2":{"start":{"line":3,"column":19},"end":{"line":3,"column":41}},"3":{"start":{"line":4,"column":19},"end":{"line":4,"column":62}},"4":{"start":{"line":5,"column":15},"end":{"line":5,"column":44}},"5":{"start":{"line":6,"column":11},"end":{"line":6,"column":34}},"6":{"start":{"line":8,"column":15},"end":{"line":8,"column":53}},"7":{"start":{"line":10,"column":0},"end":{"line":30,"column":5}},"8":{"start":{"line":12,"column":4},"end":{"line":12,"column":45}},"9":{"start":{"line":13,"column":4},"end":{"line":14,"column":71}},"10":{"start":{"line":14,"column":6},"end":{"line":14,"column":71}},"11":{"start":{"line":16,"column":15},"end":{"line":16,"column":31}},"12":{"start":{"line":17,"column":14},"end":{"line":17,"column":52}},"13":{"start":{"line":18,"column":4},"end":{"line":27,"column":19}},"14":{"start":{"line":20,"column":8},"end":{"line":24,"column":18}},"15":{"start":{"line":26,"column":22},"end":{"line":26,"column":43}},"16":{"start":{"line":29,"column":6},"end":{"line":29,"column":31}}},"fnMap":{"0":{"name":"(anonymous_0)","decl":{"start":{"line":11,"column":46},"end":{"line":11,"column":47}},"loc":{"start":{"line":11,"column":75},"end":{"line":30,"column":3}},"line":11},"1":{"name":"(anonymous_1)","decl":{"start":{"line":19,"column":12},"end":{"line":19,"column":13}},"loc":{"start":{"line":19,"column":19},"end":{"line":25,"column":7}},"line":19},"2":{"name":"(anonymous_2)","decl":{"start":{"line":26,"column":12},"end":{"line":26,"column":13}},"loc":{"start":{"line":26,"column":22},"end":{"line":26,"column":43}},"line":26}},"branchMap":{"0":{"loc":{"start":{"line":13,"column":4},"end":{"line":14,"column":71}},"type":"if","locations":[{"start":{"line":13,"column":4},"end":{"line":14,"column":71}},{"start":{"line":13,"column":4},"end":{"line":14,"column":71}}],"line":13},"1":{"loc":{"start":{"line":13,"column":7},"end":{"line":13,"column":97}},"type":"binary-expr","locations":[{"start":{"line":13,"column":7},"end":{"line":13,"column":26}},{"start":{"line":13,"column":30},"end":{"line":13,"column":54}},{"start":{"line":13,"column":58},"end":{"line":13,"column":97}}],"line":13}},"s":{"0":3,"1":3,"2":3,"3":3,"4":3,"5":3,"6":3,"7":3,"8":1,"9":1,"10":0,"11":0,"12":0,"13":0,"14":0,"15":0,"16":0},"f":{"0":1,"1":0,"2":0},"b":{"0":[0,0],"1":[1,1,1]},"_coverageSchema":"332fd63041d2c1bcb487cc26dd0d5f7d97098a6c","hash":"19f040834e4edc3245604d12b6e699f632447f6d"}
}
