{"/home/penssake/401Codellows/lab-assignments/16-19-rest-api-with-auth-and-file-assets/lab2-christina/__test__/lib/account-mock.js": {"path":"/home/penssake/401Codellows/lab-assignments/16-19-rest-api-with-auth-and-file-assets/lab2-christina/__test__/lib/account-mock.js","statementMap":{"0":{"start":{"line":3,"column":14},"end":{"line":3,"column":30}},"1":{"start":{"line":4,"column":16},"end":{"line":4,"column":49}},"2":{"start":{"line":6,"column":15},"end":{"line":29,"column":1}},"3":{"start":{"line":7,"column":15},"end":{"line":13,"column":3}},"4":{"start":{"line":15,"column":0},"end":{"line":28,"column":7}},"5":{"start":{"line":17,"column":6},"end":{"line":17,"column":31}},"6":{"start":{"line":18,"column":6},"end":{"line":18,"column":35}},"7":{"start":{"line":22,"column":6},"end":{"line":22,"column":27}},"8":{"start":{"line":23,"column":6},"end":{"line":23,"column":50}},"9":{"start":{"line":26,"column":6},"end":{"line":26,"column":31}},"10":{"start":{"line":27,"column":6},"end":{"line":27,"column":20}},"11":{"start":{"line":31,"column":15},"end":{"line":31,"column":39}},"12":{"start":{"line":31,"column":21},"end":{"line":31,"column":39}},"13":{"start":{"line":33,"column":0},"end":{"line":33,"column":34}}},"fnMap":{"0":{"name":"(anonymous_0)","decl":{"start":{"line":6,"column":15},"end":{"line":6,"column":16}},"loc":{"start":{"line":6,"column":21},"end":{"line":29,"column":1}},"line":6},"1":{"name":"(anonymous_1)","decl":{"start":{"line":16,"column":10},"end":{"line":16,"column":11}},"loc":{"start":{"line":16,"column":21},"end":{"line":19,"column":5}},"line":16},"2":{"name":"(anonymous_2)","decl":{"start":{"line":21,"column":10},"end":{"line":21,"column":11}},"loc":{"start":{"line":21,"column":19},"end":{"line":24,"column":5}},"line":21},"3":{"name":"(anonymous_3)","decl":{"start":{"line":25,"column":10},"end":{"line":25,"column":11}},"loc":{"start":{"line":25,"column":21},"end":{"line":28,"column":5}},"line":25},"4":{"name":"(anonymous_4)","decl":{"start":{"line":31,"column":15},"end":{"line":31,"column":16}},"loc":{"start":{"line":31,"column":21},"end":{"line":31,"column":39}},"line":31}},"branchMap":{},"s":{"0":1,"1":1,"2":1,"3":2,"4":2,"5":0,"6":0,"7":0,"8":0,"9":0,"10":0,"11":1,"12":0,"13":1},"f":{"0":2,"1":0,"2":0,"3":0,"4":0},"b":{},"_coverageSchema":"332fd63041d2c1bcb487cc26dd0d5f7d97098a6c","hash":"68eec40153cbb60b664bad8aa8dbb2a8f4f6670b"}
,"/home/penssake/401Codellows/lab-assignments/16-19-rest-api-with-auth-and-file-assets/lab2-christina/__test__/lib/profile-mock.js": {"path":"/home/penssake/401Codellows/lab-assignments/16-19-rest-api-with-auth-and-file-assets/lab2-christina/__test__/lib/profile-mock.js","statementMap":{"0":{"start":{"line":3,"column":14},"end":{"line":3,"column":30}},"1":{"start":{"line":4,"column":20},"end":{"line":4,"column":48}},"2":{"start":{"line":5,"column":16},"end":{"line":5,"column":49}},"3":{"start":{"line":7,"column":13},"end":{"line":27,"column":1}},"4":{"start":{"line":8,"column":15},"end":{"line":8,"column":17}},"5":{"start":{"line":9,"column":2},"end":{"line":26,"column":5}},"6":{"start":{"line":11,"column":4},"end":{"line":11,"column":37}},"7":{"start":{"line":12,"column":4},"end":{"line":21,"column":14}},"8":{"start":{"line":24,"column":4},"end":{"line":24,"column":29}},"9":{"start":{"line":25,"column":4},"end":{"line":25,"column":18}},"10":{"start":{"line":29,"column":13},"end":{"line":34,"column":1}},"11":{"start":{"line":30,"column":2},"end":{"line":33,"column":5}},"12":{"start":{"line":36,"column":0},"end":{"line":36,"column":34}}},"fnMap":{"0":{"name":"(anonymous_0)","decl":{"start":{"line":7,"column":13},"end":{"line":7,"column":14}},"loc":{"start":{"line":7,"column":19},"end":{"line":27,"column":1}},"line":7},"1":{"name":"(anonymous_1)","decl":{"start":{"line":10,"column":8},"end":{"line":10,"column":9}},"loc":{"start":{"line":10,"column":23},"end":{"line":22,"column":3}},"line":10},"2":{"name":"(anonymous_2)","decl":{"start":{"line":23,"column":8},"end":{"line":23,"column":9}},"loc":{"start":{"line":23,"column":19},"end":{"line":26,"column":3}},"line":23},"3":{"name":"(anonymous_3)","decl":{"start":{"line":29,"column":13},"end":{"line":29,"column":14}},"loc":{"start":{"line":29,"column":19},"end":{"line":34,"column":1}},"line":29}},"branchMap":{},"s":{"0":1,"1":1,"2":1,"3":1,"4":0,"5":0,"6":0,"7":0,"8":0,"9":0,"10":1,"11":2,"12":1},"f":{"0":0,"1":0,"2":0,"3":2},"b":{},"_coverageSchema":"332fd63041d2c1bcb487cc26dd0d5f7d97098a6c","hash":"5e78432de7c50518beb39431759d11e3cbbe95dc"}
,"/home/penssake/401Codellows/lab-assignments/16-19-rest-api-with-auth-and-file-assets/lab2-christina/__test__/lib/setup.js": {"path":"/home/penssake/401Codellows/lab-assignments/16-19-rest-api-with-auth-and-file-assets/lab2-christina/__test__/lib/setup.js","statementMap":{"0":{"start":{"line":3,"column":0},"end":{"line":3,"column":24}},"1":{"start":{"line":4,"column":0},"end":{"line":4,"column":56}},"2":{"start":{"line":5,"column":0},"end":{"line":5,"column":50}},"3":{"start":{"line":6,"column":0},"end":{"line":6,"column":42}}},"fnMap":{},"branchMap":{},"s":{"0":1,"1":1,"2":1,"3":1},"f":{},"b":{},"_coverageSchema":"332fd63041d2c1bcb487cc26dd0d5f7d97098a6c","hash":"98273c7ae87e617f788b895fc9ab07c9d1ce64d0"}
,"/home/penssake/401Codellows/lab-assignments/16-19-rest-api-with-auth-and-file-assets/lab2-christina/lib/basic-auth-middleware.js": {"path":"/home/penssake/401Codellows/lab-assignments/16-19-rest-api-with-auth-and-file-assets/lab2-christina/lib/basic-auth-middleware.js","statementMap":{"0":{"start":{"line":3,"column":19},"end":{"line":3,"column":41}},"1":{"start":{"line":4,"column":16},"end":{"line":4,"column":46}},"2":{"start":{"line":6,"column":0},"end":{"line":27,"column":2}},"3":{"start":{"line":7,"column":2},"end":{"line":8,"column":84}},"4":{"start":{"line":8,"column":4},"end":{"line":8,"column":84}},"5":{"start":{"line":10,"column":18},"end":{"line":10,"column":66}},"6":{"start":{"line":11,"column":2},"end":{"line":12,"column":74}},"7":{"start":{"line":12,"column":4},"end":{"line":12,"column":74}},"8":{"start":{"line":13,"column":16},"end":{"line":13,"column":56}},"9":{"start":{"line":14,"column":29},"end":{"line":14,"column":47}},"10":{"start":{"line":16,"column":2},"end":{"line":26,"column":17}},"11":{"start":{"line":18,"column":6},"end":{"line":19,"column":74}},"12":{"start":{"line":19,"column":8},"end":{"line":19,"column":74}},"13":{"start":{"line":20,"column":6},"end":{"line":20,"column":46}},"14":{"start":{"line":23,"column":6},"end":{"line":23,"column":32}},"15":{"start":{"line":24,"column":6},"end":{"line":24,"column":13}}},"fnMap":{"0":{"name":"(anonymous_0)","decl":{"start":{"line":6,"column":17},"end":{"line":6,"column":18}},"loc":{"start":{"line":6,"column":46},"end":{"line":27,"column":1}},"line":6},"1":{"name":"(anonymous_1)","decl":{"start":{"line":17,"column":10},"end":{"line":17,"column":11}},"loc":{"start":{"line":17,"column":21},"end":{"line":21,"column":5}},"line":17},"2":{"name":"(anonymous_2)","decl":{"start":{"line":22,"column":10},"end":{"line":22,"column":11}},"loc":{"start":{"line":22,"column":21},"end":{"line":25,"column":5}},"line":22}},"branchMap":{"0":{"loc":{"start":{"line":7,"column":2},"end":{"line":8,"column":84}},"type":"if","locations":[{"start":{"line":7,"column":2},"end":{"line":8,"column":84}},{"start":{"line":7,"column":2},"end":{"line":8,"column":84}}],"line":7},"1":{"loc":{"start":{"line":11,"column":2},"end":{"line":12,"column":74}},"type":"if","locations":[{"start":{"line":11,"column":2},"end":{"line":12,"column":74}},{"start":{"line":11,"column":2},"end":{"line":12,"column":74}}],"line":11},"2":{"loc":{"start":{"line":18,"column":6},"end":{"line":19,"column":74}},"type":"if","locations":[{"start":{"line":18,"column":6},"end":{"line":19,"column":74}},{"start":{"line":18,"column":6},"end":{"line":19,"column":74}}],"line":18}},"s":{"0":1,"1":1,"2":1,"3":0,"4":0,"5":0,"6":0,"7":0,"8":0,"9":0,"10":0,"11":0,"12":0,"13":0,"14":0,"15":0},"f":{"0":0,"1":0,"2":0},"b":{"0":[0,0],"1":[0,0],"2":[0,0]},"_coverageSchema":"332fd63041d2c1bcb487cc26dd0d5f7d97098a6c","hash":"8f28fd2ddf2f48725d95833907aeaa7a0b67bac8"}
,"/home/penssake/401Codellows/lab-assignments/16-19-rest-api-with-auth-and-file-assets/lab2-christina/lib/bearer-auth-middleware.js": {"path":"/home/penssake/401Codellows/lab-assignments/16-19-rest-api-with-auth-and-file-assets/lab2-christina/lib/bearer-auth-middleware.js","statementMap":{"0":{"start":{"line":3,"column":12},"end":{"line":3,"column":35}},"1":{"start":{"line":4,"column":19},"end":{"line":4,"column":41}},"2":{"start":{"line":5,"column":16},"end":{"line":5,"column":46}},"3":{"start":{"line":7,"column":18},"end":{"line":14,"column":1}},"4":{"start":{"line":7,"column":26},"end":{"line":14,"column":1}},"5":{"start":{"line":8,"column":2},"end":{"line":13,"column":4}},"6":{"start":{"line":9,"column":4},"end":{"line":12,"column":6}},"7":{"start":{"line":10,"column":6},"end":{"line":10,"column":32}},"8":{"start":{"line":10,"column":14},"end":{"line":10,"column":32}},"9":{"start":{"line":11,"column":6},"end":{"line":11,"column":19}},"10":{"start":{"line":16,"column":0},"end":{"line":34,"column":2}},"11":{"start":{"line":17,"column":2},"end":{"line":18,"column":84}},"12":{"start":{"line":18,"column":4},"end":{"line":18,"column":84}},"13":{"start":{"line":20,"column":16},"end":{"line":20,"column":65}},"14":{"start":{"line":21,"column":2},"end":{"line":22,"column":67}},"15":{"start":{"line":22,"column":4},"end":{"line":22,"column":67}},"16":{"start":{"line":24,"column":2},"end":{"line":33,"column":17}},"17":{"start":{"line":25,"column":18},"end":{"line":25,"column":54}},"18":{"start":{"line":27,"column":6},"end":{"line":27,"column":63}},"19":{"start":{"line":30,"column":6},"end":{"line":30,"column":32}},"20":{"start":{"line":31,"column":6},"end":{"line":31,"column":13}}},"fnMap":{"0":{"name":"(anonymous_0)","decl":{"start":{"line":7,"column":18},"end":{"line":7,"column":19}},"loc":{"start":{"line":7,"column":26},"end":{"line":14,"column":1}},"line":7},"1":{"name":"(anonymous_1)","decl":{"start":{"line":7,"column":26},"end":{"line":7,"column":27}},"loc":{"start":{"line":7,"column":39},"end":{"line":14,"column":1}},"line":7},"2":{"name":"(anonymous_2)","decl":{"start":{"line":8,"column":21},"end":{"line":8,"column":22}},"loc":{"start":{"line":8,"column":42},"end":{"line":13,"column":3}},"line":8},"3":{"name":"(anonymous_3)","decl":{"start":{"line":9,"column":16},"end":{"line":9,"column":17}},"loc":{"start":{"line":9,"column":31},"end":{"line":12,"column":5}},"line":9},"4":{"name":"(anonymous_4)","decl":{"start":{"line":16,"column":17},"end":{"line":16,"column":18}},"loc":{"start":{"line":16,"column":46},"end":{"line":34,"column":1}},"line":16},"5":{"name":"(anonymous_5)","decl":{"start":{"line":25,"column":11},"end":{"line":25,"column":12}},"loc":{"start":{"line":25,"column":18},"end":{"line":25,"column":54}},"line":25},"6":{"name":"(anonymous_6)","decl":{"start":{"line":26,"column":10},"end":{"line":26,"column":11}},"loc":{"start":{"line":26,"column":23},"end":{"line":28,"column":5}},"line":26},"7":{"name":"(anonymous_7)","decl":{"start":{"line":29,"column":10},"end":{"line":29,"column":11}},"loc":{"start":{"line":29,"column":21},"end":{"line":32,"column":5}},"line":29}},"branchMap":{"0":{"loc":{"start":{"line":10,"column":6},"end":{"line":10,"column":32}},"type":"if","locations":[{"start":{"line":10,"column":6},"end":{"line":10,"column":32}},{"start":{"line":10,"column":6},"end":{"line":10,"column":32}}],"line":10},"1":{"loc":{"start":{"line":17,"column":2},"end":{"line":18,"column":84}},"type":"if","locations":[{"start":{"line":17,"column":2},"end":{"line":18,"column":84}},{"start":{"line":17,"column":2},"end":{"line":18,"column":84}}],"line":17},"2":{"loc":{"start":{"line":21,"column":2},"end":{"line":22,"column":67}},"type":"if","locations":[{"start":{"line":21,"column":2},"end":{"line":22,"column":67}},{"start":{"line":21,"column":2},"end":{"line":22,"column":67}}],"line":21}},"s":{"0":1,"1":1,"2":1,"3":1,"4":0,"5":0,"6":0,"7":0,"8":0,"9":0,"10":1,"11":0,"12":0,"13":0,"14":0,"15":0,"16":0,"17":0,"18":0,"19":0,"20":0},"f":{"0":0,"1":0,"2":0,"3":0,"4":0,"5":0,"6":0,"7":0},"b":{"0":[0,0],"1":[0,0],"2":[0,0]},"_coverageSchema":"332fd63041d2c1bcb487cc26dd0d5f7d97098a6c","hash":"a7a7f0c0df08fb6db177ed2154b34a83c66785b8"}
,"/home/penssake/401Codellows/lab-assignments/16-19-rest-api-with-auth-and-file-assets/lab2-christina/lib/error-middleware.js": {"path":"/home/penssake/401Codellows/lab-assignments/16-19-rest-api-with-auth-and-file-assets/lab2-christina/lib/error-middleware.js","statementMap":{"0":{"start":{"line":3,"column":0},"end":{"line":24,"column":2}},"1":{"start":{"line":5,"column":2},"end":{"line":6,"column":45}},"2":{"start":{"line":6,"column":4},"end":{"line":6,"column":45}},"3":{"start":{"line":8,"column":16},"end":{"line":8,"column":43}},"4":{"start":{"line":10,"column":2},"end":{"line":11,"column":36}},"5":{"start":{"line":11,"column":4},"end":{"line":11,"column":36}},"6":{"start":{"line":13,"column":2},"end":{"line":14,"column":36}},"7":{"start":{"line":14,"column":4},"end":{"line":14,"column":36}},"8":{"start":{"line":16,"column":2},"end":{"line":17,"column":36}},"9":{"start":{"line":17,"column":4},"end":{"line":17,"column":36}},"10":{"start":{"line":19,"column":2},"end":{"line":20,"column":36}},"11":{"start":{"line":20,"column":4},"end":{"line":20,"column":36}},"12":{"start":{"line":22,"column":2},"end":{"line":22,"column":27}}},"fnMap":{"0":{"name":"(anonymous_0)","decl":{"start":{"line":3,"column":17},"end":{"line":3,"column":18}},"loc":{"start":{"line":3,"column":53},"end":{"line":24,"column":1}},"line":3}},"branchMap":{"0":{"loc":{"start":{"line":5,"column":2},"end":{"line":6,"column":45}},"type":"if","locations":[{"start":{"line":5,"column":2},"end":{"line":6,"column":45}},{"start":{"line":5,"column":2},"end":{"line":6,"column":45}}],"line":5},"1":{"loc":{"start":{"line":10,"column":2},"end":{"line":11,"column":36}},"type":"if","locations":[{"start":{"line":10,"column":2},"end":{"line":11,"column":36}},{"start":{"line":10,"column":2},"end":{"line":11,"column":36}}],"line":10},"2":{"loc":{"start":{"line":13,"column":2},"end":{"line":14,"column":36}},"type":"if","locations":[{"start":{"line":13,"column":2},"end":{"line":14,"column":36}},{"start":{"line":13,"column":2},"end":{"line":14,"column":36}}],"line":13},"3":{"loc":{"start":{"line":16,"column":2},"end":{"line":17,"column":36}},"type":"if","locations":[{"start":{"line":16,"column":2},"end":{"line":17,"column":36}},{"start":{"line":16,"column":2},"end":{"line":17,"column":36}}],"line":16},"4":{"loc":{"start":{"line":19,"column":2},"end":{"line":20,"column":36}},"type":"if","locations":[{"start":{"line":19,"column":2},"end":{"line":20,"column":36}},{"start":{"line":19,"column":2},"end":{"line":20,"column":36}}],"line":19}},"s":{"0":1,"1":0,"2":0,"3":0,"4":0,"5":0,"6":0,"7":0,"8":0,"9":0,"10":0,"11":0,"12":0},"f":{"0":0},"b":{"0":[0,0],"1":[0,0],"2":[0,0],"3":[0,0],"4":[0,0]},"_coverageSchema":"332fd63041d2c1bcb487cc26dd0d5f7d97098a6c","hash":"c81cf3f3c7316698c2ffd2ec7d507e040e3e6a3e"}
,"/home/penssake/401Codellows/lab-assignments/16-19-rest-api-with-auth-and-file-assets/lab2-christina/lib/server.js": {"path":"/home/penssake/401Codellows/lab-assignments/16-19-rest-api-with-auth-and-file-assets/lab2-christina/lib/server.js","statementMap":{"0":{"start":{"line":3,"column":13},"end":{"line":3,"column":28}},"1":{"start":{"line":4,"column":15},"end":{"line":4,"column":32}},"2":{"start":{"line":5,"column":16},"end":{"line":5,"column":34}},"3":{"start":{"line":6,"column":17},"end":{"line":6,"column":36}},"4":{"start":{"line":7,"column":19},"end":{"line":7,"column":48}},"5":{"start":{"line":8,"column":19},"end":{"line":8,"column":53}},"6":{"start":{"line":10,"column":22},"end":{"line":10,"column":59}},"7":{"start":{"line":11,"column":0},"end":{"line":11,"column":27}},"8":{"start":{"line":13,"column":12},"end":{"line":13,"column":21}},"9":{"start":{"line":14,"column":13},"end":{"line":14,"column":17}},"10":{"start":{"line":15,"column":19},"end":{"line":15,"column":56}},"11":{"start":{"line":17,"column":0},"end":{"line":17,"column":20}},"12":{"start":{"line":18,"column":0},"end":{"line":18,"column":49}},"13":{"start":{"line":19,"column":0},"end":{"line":19,"column":49}},"14":{"start":{"line":21,"column":0},"end":{"line":21,"column":20}},"15":{"start":{"line":23,"column":0},"end":{"line":23,"column":23}},"16":{"start":{"line":25,"column":0},"end":{"line":25,"column":62}},"17":{"start":{"line":25,"column":36},"end":{"line":25,"column":60}},"18":{"start":{"line":26,"column":0},"end":{"line":26,"column":42}},"19":{"start":{"line":28,"column":0},"end":{"line":52,"column":2}},"20":{"start":{"line":30,"column":6},"end":{"line":38,"column":85}},"21":{"start":{"line":31,"column":8},"end":{"line":32,"column":74}},"22":{"start":{"line":32,"column":10},"end":{"line":32,"column":74}},"23":{"start":{"line":33,"column":8},"end":{"line":36,"column":10}},"24":{"start":{"line":34,"column":10},"end":{"line":34,"column":57}},"25":{"start":{"line":35,"column":10},"end":{"line":35,"column":27}},"26":{"start":{"line":38,"column":18},"end":{"line":38,"column":83}},"27":{"start":{"line":41,"column":6},"end":{"line":50,"column":41}},"28":{"start":{"line":42,"column":8},"end":{"line":43,"column":71}},"29":{"start":{"line":43,"column":10},"end":{"line":43,"column":71}},"30":{"start":{"line":44,"column":8},"end":{"line":48,"column":10}},"31":{"start":{"line":45,"column":10},"end":{"line":45,"column":24}},"32":{"start":{"line":46,"column":10},"end":{"line":46,"column":40}},"33":{"start":{"line":47,"column":10},"end":{"line":47,"column":27}},"34":{"start":{"line":50,"column":18},"end":{"line":50,"column":39}}},"fnMap":{"0":{"name":"(anonymous_0)","decl":{"start":{"line":25,"column":13},"end":{"line":25,"column":14}},"loc":{"start":{"line":25,"column":36},"end":{"line":25,"column":60}},"line":25},"1":{"name":"(anonymous_1)","decl":{"start":{"line":29,"column":9},"end":{"line":29,"column":10}},"loc":{"start":{"line":29,"column":15},"end":{"line":39,"column":3}},"line":29},"2":{"name":"(anonymous_2)","decl":{"start":{"line":30,"column":25},"end":{"line":30,"column":26}},"loc":{"start":{"line":30,"column":46},"end":{"line":37,"column":7}},"line":30},"3":{"name":"(anonymous_3)","decl":{"start":{"line":33,"column":46},"end":{"line":33,"column":47}},"loc":{"start":{"line":33,"column":52},"end":{"line":36,"column":9}},"line":33},"4":{"name":"(anonymous_4)","decl":{"start":{"line":38,"column":12},"end":{"line":38,"column":13}},"loc":{"start":{"line":38,"column":18},"end":{"line":38,"column":83}},"line":38},"5":{"name":"(anonymous_5)","decl":{"start":{"line":40,"column":8},"end":{"line":40,"column":9}},"loc":{"start":{"line":40,"column":14},"end":{"line":51,"column":3}},"line":40},"6":{"name":"(anonymous_6)","decl":{"start":{"line":41,"column":25},"end":{"line":41,"column":26}},"loc":{"start":{"line":41,"column":46},"end":{"line":49,"column":7}},"line":41},"7":{"name":"(anonymous_7)","decl":{"start":{"line":44,"column":21},"end":{"line":44,"column":22}},"loc":{"start":{"line":44,"column":27},"end":{"line":48,"column":9}},"line":44},"8":{"name":"(anonymous_8)","decl":{"start":{"line":50,"column":12},"end":{"line":50,"column":13}},"loc":{"start":{"line":50,"column":18},"end":{"line":50,"column":39}},"line":50}},"branchMap":{"0":{"loc":{"start":{"line":19,"column":15},"end":{"line":19,"column":46}},"type":"cond-expr","locations":[{"start":{"line":19,"column":28},"end":{"line":19,"column":38}},{"start":{"line":19,"column":41},"end":{"line":19,"column":46}}],"line":19},"1":{"loc":{"start":{"line":31,"column":8},"end":{"line":32,"column":74}},"type":"if","locations":[{"start":{"line":31,"column":8},"end":{"line":32,"column":74}},{"start":{"line":31,"column":8},"end":{"line":32,"column":74}}],"line":31},"2":{"loc":{"start":{"line":42,"column":8},"end":{"line":43,"column":71}},"type":"if","locations":[{"start":{"line":42,"column":8},"end":{"line":43,"column":71}},{"start":{"line":42,"column":8},"end":{"line":43,"column":71}}],"line":42}},"s":{"0":1,"1":1,"2":1,"3":1,"4":1,"5":1,"6":1,"7":1,"8":1,"9":1,"10":1,"11":1,"12":1,"13":1,"14":1,"15":1,"16":1,"17":0,"18":1,"19":1,"20":1,"21":1,"22":0,"23":1,"24":0,"25":0,"26":0,"27":1,"28":1,"29":0,"30":1,"31":1,"32":1,"33":1,"34":1},"f":{"0":0,"1":1,"2":1,"3":0,"4":0,"5":1,"6":1,"7":1,"8":1},"b":{"0":[0,1],"1":[0,1],"2":[0,1]},"_coverageSchema":"332fd63041d2c1bcb487cc26dd0d5f7d97098a6c","hash":"ba88fad281404089a8ea5f5b917620c779206b82"}
,"/home/penssake/401Codellows/lab-assignments/16-19-rest-api-with-auth-and-file-assets/lab2-christina/model/account.js": {"path":"/home/penssake/401Codellows/lab-assignments/16-19-rest-api-with-auth-and-file-assets/lab2-christina/model/account.js","statementMap":{"0":{"start":{"line":3,"column":15},"end":{"line":3,"column":32}},"1":{"start":{"line":4,"column":15},"end":{"line":4,"column":32}},"2":{"start":{"line":5,"column":12},"end":{"line":5,"column":35}},"3":{"start":{"line":6,"column":17},"end":{"line":6,"column":36}},"4":{"start":{"line":7,"column":19},"end":{"line":7,"column":41}},"5":{"start":{"line":9,"column":22},"end":{"line":15,"column":2}},"6":{"start":{"line":14,"column":39},"end":{"line":14,"column":49}},"7":{"start":{"line":17,"column":0},"end":{"line":24,"column":2}},"8":{"start":{"line":18,"column":2},"end":{"line":23,"column":7}},"9":{"start":{"line":20,"column":6},"end":{"line":21,"column":67}},"10":{"start":{"line":21,"column":8},"end":{"line":21,"column":67}},"11":{"start":{"line":22,"column":6},"end":{"line":22,"column":18}},"12":{"start":{"line":26,"column":0},"end":{"line":33,"column":2}},"13":{"start":{"line":27,"column":2},"end":{"line":27,"column":58}},"14":{"start":{"line":28,"column":2},"end":{"line":32,"column":7}},"15":{"start":{"line":30,"column":20},"end":{"line":30,"column":37}},"16":{"start":{"line":31,"column":6},"end":{"line":31,"column":91}},"17":{"start":{"line":35,"column":0},"end":{"line":45,"column":2}},"18":{"start":{"line":36,"column":19},"end":{"line":36,"column":23}},"19":{"start":{"line":37,"column":2},"end":{"line":37,"column":23}},"20":{"start":{"line":38,"column":2},"end":{"line":44,"column":7}},"21":{"start":{"line":40,"column":6},"end":{"line":40,"column":36}},"22":{"start":{"line":41,"column":6},"end":{"line":41,"column":30}},"23":{"start":{"line":42,"column":6},"end":{"line":42,"column":39}},"24":{"start":{"line":43,"column":6},"end":{"line":43,"column":25}},"25":{"start":{"line":47,"column":16},"end":{"line":47,"column":73}},"26":{"start":{"line":49,"column":0},"end":{"line":58,"column":2}},"27":{"start":{"line":50,"column":19},"end":{"line":50,"column":23}},"28":{"start":{"line":51,"column":2},"end":{"line":51,"column":23}},"29":{"start":{"line":52,"column":2},"end":{"line":57,"column":7}},"30":{"start":{"line":54,"column":6},"end":{"line":54,"column":39}},"31":{"start":{"line":55,"column":6},"end":{"line":55,"column":62}},"32":{"start":{"line":56,"column":6},"end":{"line":56,"column":38}}},"fnMap":{"0":{"name":"(anonymous_0)","decl":{"start":{"line":14,"column":33},"end":{"line":14,"column":34}},"loc":{"start":{"line":14,"column":39},"end":{"line":14,"column":49}},"line":14},"1":{"name":"(anonymous_1)","decl":{"start":{"line":17,"column":39},"end":{"line":17,"column":40}},"loc":{"start":{"line":17,"column":58},"end":{"line":24,"column":1}},"line":17},"2":{"name":"(anonymous_2)","decl":{"start":{"line":19,"column":10},"end":{"line":19,"column":11}},"loc":{"start":{"line":19,"column":29},"end":{"line":23,"column":5}},"line":19},"3":{"name":"(anonymous_3)","decl":{"start":{"line":26,"column":36},"end":{"line":26,"column":37}},"loc":{"start":{"line":26,"column":47},"end":{"line":33,"column":1}},"line":26},"4":{"name":"(anonymous_4)","decl":{"start":{"line":29,"column":10},"end":{"line":29,"column":11}},"loc":{"start":{"line":29,"column":21},"end":{"line":32,"column":5}},"line":29},"5":{"name":"(anonymous_5)","decl":{"start":{"line":35,"column":31},"end":{"line":35,"column":32}},"loc":{"start":{"line":35,"column":46},"end":{"line":45,"column":1}},"line":35},"6":{"name":"(anonymous_6)","decl":{"start":{"line":39,"column":10},"end":{"line":39,"column":11}},"loc":{"start":{"line":39,"column":26},"end":{"line":44,"column":5}},"line":39},"7":{"name":"(anonymous_7)","decl":{"start":{"line":49,"column":17},"end":{"line":49,"column":18}},"loc":{"start":{"line":49,"column":32},"end":{"line":58,"column":1}},"line":49},"8":{"name":"(anonymous_8)","decl":{"start":{"line":53,"column":10},"end":{"line":53,"column":11}},"loc":{"start":{"line":53,"column":26},"end":{"line":57,"column":5}},"line":53}},"branchMap":{"0":{"loc":{"start":{"line":20,"column":6},"end":{"line":21,"column":67}},"type":"if","locations":[{"start":{"line":20,"column":6},"end":{"line":21,"column":67}},{"start":{"line":20,"column":6},"end":{"line":21,"column":67}}],"line":20}},"s":{"0":1,"1":1,"2":1,"3":1,"4":1,"5":1,"6":2,"7":1,"8":0,"9":0,"10":0,"11":0,"12":1,"13":0,"14":0,"15":0,"16":0,"17":1,"18":0,"19":0,"20":0,"21":0,"22":0,"23":0,"24":0,"25":1,"26":1,"27":2,"28":2,"29":2,"30":2,"31":2,"32":2},"f":{"0":2,"1":0,"2":0,"3":0,"4":0,"5":0,"6":0,"7":2,"8":2},"b":{"0":[0,0]},"_coverageSchema":"332fd63041d2c1bcb487cc26dd0d5f7d97098a6c","hash":"704ac4fc624147bc176e2b871afc257ed8f43c20"}
,"/home/penssake/401Codellows/lab-assignments/16-19-rest-api-with-auth-and-file-assets/lab2-christina/model/profile.js": {"path":"/home/penssake/401Codellows/lab-assignments/16-19-rest-api-with-auth-and-file-assets/lab2-christina/model/profile.js","statementMap":{"0":{"start":{"line":3,"column":17},"end":{"line":3,"column":36}},"1":{"start":{"line":5,"column":22},"end":{"line":14,"column":2}},"2":{"start":{"line":16,"column":0},"end":{"line":16,"column":58}}},"fnMap":{},"branchMap":{},"s":{"0":1,"1":1,"2":1},"f":{},"b":{},"_coverageSchema":"332fd63041d2c1bcb487cc26dd0d5f7d97098a6c","hash":"d92ed0e53d2d4e971dcc44ec220a086afabbf734"}
,"/home/penssake/401Codellows/lab-assignments/16-19-rest-api-with-auth-and-file-assets/lab2-christina/route/auth-router.js": {"path":"/home/penssake/401Codellows/lab-assignments/16-19-rest-api-with-auth-and-file-assets/lab2-christina/route/auth-router.js","statementMap":{"0":{"start":{"line":3,"column":17},"end":{"line":3,"column":35}},"1":{"start":{"line":4,"column":19},"end":{"line":4,"column":48}},"2":{"start":{"line":5,"column":16},"end":{"line":5,"column":46}},"3":{"start":{"line":6,"column":19},"end":{"line":6,"column":41}},"4":{"start":{"line":7,"column":18},"end":{"line":7,"column":60}},"5":{"start":{"line":10,"column":0},"end":{"line":27,"column":7}},"6":{"start":{"line":12,"column":4},"end":{"line":13,"column":99}},"7":{"start":{"line":13,"column":6},"end":{"line":13,"column":99}},"8":{"start":{"line":15,"column":4},"end":{"line":18,"column":19}},"9":{"start":{"line":16,"column":23},"end":{"line":16,"column":44}},"10":{"start":{"line":17,"column":21},"end":{"line":17,"column":43}},"11":{"start":{"line":22,"column":4},"end":{"line":23,"column":73}},"12":{"start":{"line":23,"column":6},"end":{"line":23,"column":73}},"13":{"start":{"line":24,"column":4},"end":{"line":26,"column":19}},"14":{"start":{"line":25,"column":21},"end":{"line":25,"column":38}}},"fnMap":{"0":{"name":"(anonymous_0)","decl":{"start":{"line":11,"column":31},"end":{"line":11,"column":32}},"loc":{"start":{"line":11,"column":60},"end":{"line":19,"column":3}},"line":11},"1":{"name":"(anonymous_1)","decl":{"start":{"line":16,"column":12},"end":{"line":16,"column":13}},"loc":{"start":{"line":16,"column":23},"end":{"line":16,"column":44}},"line":16},"2":{"name":"(anonymous_2)","decl":{"start":{"line":17,"column":12},"end":{"line":17,"column":13}},"loc":{"start":{"line":17,"column":21},"end":{"line":17,"column":43}},"line":17},"3":{"name":"(anonymous_3)","decl":{"start":{"line":21,"column":28},"end":{"line":21,"column":29}},"loc":{"start":{"line":21,"column":57},"end":{"line":27,"column":5}},"line":21},"4":{"name":"(anonymous_4)","decl":{"start":{"line":25,"column":12},"end":{"line":25,"column":13}},"loc":{"start":{"line":25,"column":21},"end":{"line":25,"column":38}},"line":25}},"branchMap":{"0":{"loc":{"start":{"line":12,"column":4},"end":{"line":13,"column":99}},"type":"if","locations":[{"start":{"line":12,"column":4},"end":{"line":13,"column":99}},{"start":{"line":12,"column":4},"end":{"line":13,"column":99}}],"line":12},"1":{"loc":{"start":{"line":12,"column":7},"end":{"line":12,"column":78}},"type":"binary-expr","locations":[{"start":{"line":12,"column":7},"end":{"line":12,"column":29}},{"start":{"line":12,"column":33},"end":{"line":12,"column":52}},{"start":{"line":12,"column":56},"end":{"line":12,"column":78}}],"line":12},"2":{"loc":{"start":{"line":22,"column":4},"end":{"line":23,"column":73}},"type":"if","locations":[{"start":{"line":22,"column":4},"end":{"line":23,"column":73}},{"start":{"line":22,"column":4},"end":{"line":23,"column":73}}],"line":22}},"s":{"0":1,"1":1,"2":1,"3":1,"4":1,"5":1,"6":0,"7":0,"8":0,"9":0,"10":0,"11":0,"12":0,"13":0,"14":0},"f":{"0":0,"1":0,"2":0,"3":0,"4":0},"b":{"0":[0,0],"1":[0,0,0],"2":[0,0]},"_coverageSchema":"332fd63041d2c1bcb487cc26dd0d5f7d97098a6c","hash":"cf47a47567075eed802fd61af279197143b7032a"}
,"/home/penssake/401Codellows/lab-assignments/16-19-rest-api-with-auth-and-file-assets/lab2-christina/route/profile-router.js": {"path":"/home/penssake/401Codellows/lab-assignments/16-19-rest-api-with-auth-and-file-assets/lab2-christina/route/profile-router.js","statementMap":{"0":{"start":{"line":3,"column":17},"end":{"line":3,"column":35}},"1":{"start":{"line":4,"column":19},"end":{"line":4,"column":41}},"2":{"start":{"line":5,"column":19},"end":{"line":5,"column":48}},"3":{"start":{"line":6,"column":19},"end":{"line":6,"column":62}},"4":{"start":{"line":7,"column":16},"end":{"line":7,"column":46}},"5":{"start":{"line":9,"column":0},"end":{"line":30,"column":3}},"6":{"start":{"line":11,"column":3},"end":{"line":20,"column":18}},"7":{"start":{"line":18,"column":7},"end":{"line":18,"column":30}},"8":{"start":{"line":23,"column":2},"end":{"line":29,"column":13}},"9":{"start":{"line":25,"column":6},"end":{"line":26,"column":69}},"10":{"start":{"line":26,"column":8},"end":{"line":26,"column":69}},"11":{"start":{"line":27,"column":4},"end":{"line":27,"column":27}}},"fnMap":{"0":{"name":"(anonymous_0)","decl":{"start":{"line":10,"column":32},"end":{"line":10,"column":33}},"loc":{"start":{"line":10,"column":61},"end":{"line":21,"column":2}},"line":10},"1":{"name":"(anonymous_1)","decl":{"start":{"line":17,"column":11},"end":{"line":17,"column":12}},"loc":{"start":{"line":17,"column":22},"end":{"line":19,"column":6}},"line":17},"2":{"name":"(anonymous_2)","decl":{"start":{"line":22,"column":34},"end":{"line":22,"column":35}},"loc":{"start":{"line":22,"column":63},"end":{"line":30,"column":1}},"line":22},"3":{"name":"(anonymous_3)","decl":{"start":{"line":24,"column":10},"end":{"line":24,"column":11}},"loc":{"start":{"line":24,"column":21},"end":{"line":28,"column":1}},"line":24}},"branchMap":{"0":{"loc":{"start":{"line":25,"column":6},"end":{"line":26,"column":69}},"type":"if","locations":[{"start":{"line":25,"column":6},"end":{"line":26,"column":69}},{"start":{"line":25,"column":6},"end":{"line":26,"column":69}}],"line":25}},"s":{"0":1,"1":1,"2":1,"3":1,"4":1,"5":1,"6":0,"7":0,"8":0,"9":0,"10":0,"11":0},"f":{"0":0,"1":0,"2":0,"3":0},"b":{"0":[0,0]},"_coverageSchema":"332fd63041d2c1bcb487cc26dd0d5f7d97098a6c","hash":"be40201f5fd3e14ed38b89af9a084cdf19741d03"}
}
