TN:
SF:/home/penssake/401Codellows/lab-assignments/16-19-rest-api-with-auth-and-file-assets/lab2-christina/__test__/lib/account-mock.js
FN:6,(anonymous_0)
FN:16,(anonymous_1)
FN:21,(anonymous_2)
FN:25,(anonymous_3)
FN:31,(anonymous_4)
FNF:5
FNH:5
FNDA:5,(anonymous_0)
FNDA:3,(anonymous_1)
FNDA:3,(anonymous_2)
FNDA:3,(anonymous_3)
FNDA:5,(anonymous_4)
DA:3,3
DA:4,3
DA:6,3
DA:7,5
DA:15,5
DA:17,3
DA:18,3
DA:22,3
DA:23,3
DA:26,3
DA:27,3
DA:31,5
DA:33,3
LF:13
LH:13
BRF:0
BRH:0
end_of_record
TN:
SF:/home/penssake/401Codellows/lab-assignments/16-19-rest-api-with-auth-and-file-assets/lab2-christina/__test__/lib/profile-mock.js
FN:9,(anonymous_0)
FN:12,(anonymous_1)
FN:24,(anonymous_2)
FN:30,(anonymous_3)
FNF:4
FNH:1
FNDA:0,(anonymous_0)
FNDA:0,(anonymous_1)
FNDA:0,(anonymous_2)
FNDA:3,(anonymous_3)
DA:3,1
DA:4,1
DA:5,1
DA:7,1
DA:9,1
DA:10,0
DA:11,0
DA:13,0
DA:14,0
DA:25,0
DA:26,0
DA:30,1
DA:31,3
LF:13
LH:7
BRF:0
BRH:0
end_of_record
TN:
SF:/home/penssake/401Codellows/lab-assignments/16-19-rest-api-with-auth-and-file-assets/lab2-christina/__test__/lib/sample-mock.js
FN:7,(anonymous_0)
FN:10,(anonymous_1)
FN:18,(anonymous_2)
FN:24,(anonymous_3)
FNF:4
FNH:1
FNDA:0,(anonymous_0)
FNDA:0,(anonymous_1)
FNDA:0,(anonymous_2)
FNDA:1,(anonymous_3)
DA:3,1
DA:4,1
DA:5,1
DA:7,1
DA:8,0
DA:9,0
DA:11,0
DA:12,0
DA:19,0
DA:20,0
DA:24,1
DA:25,1
DA:31,1
LF:13
LH:7
BRF:0
BRH:0
end_of_record
TN:
SF:/home/penssake/401Codellows/lab-assignments/16-19-rest-api-with-auth-and-file-assets/lab2-christina/__test__/lib/setup.js
FNF:0
FNH:0
DA:3,3
DA:4,3
DA:5,3
DA:6,3
DA:7,3
DA:8,3
DA:9,3
LF:7
LH:7
BRF:0
BRH:0
end_of_record
TN:
SF:/home/penssake/401Codellows/lab-assignments/16-19-rest-api-with-auth-and-file-assets/lab2-christina/lib/basic-auth-middleware.js
FN:6,(anonymous_0)
FN:19,(anonymous_1)
FN:24,(anonymous_2)
FNF:3
FNH:2
FNDA:1,(anonymous_0)
FNDA:1,(anonymous_1)
FNDA:0,(anonymous_2)
DA:3,3
DA:4,3
DA:6,3
DA:7,1
DA:8,0
DA:10,1
DA:11,1
DA:12,0
DA:13,1
DA:14,1
DA:15,1
DA:16,0
DA:18,1
DA:20,1
DA:21,1
DA:22,0
DA:25,0
DA:26,0
LF:18
LH:12
BRDA:7,0,0,0
BRDA:7,0,1,1
BRDA:11,1,0,0
BRDA:11,1,1,1
BRDA:15,2,0,0
BRDA:15,2,1,1
BRDA:15,3,0,1
BRDA:15,3,1,1
BRDA:20,4,0,1
BRDA:20,4,1,0
BRF:10
BRH:6
end_of_record
TN:
SF:/home/penssake/401Codellows/lab-assignments/16-19-rest-api-with-auth-and-file-assets/lab2-christina/lib/bearer-auth-middleware.js
FN:7,(anonymous_0)
FN:7,(anonymous_1)
FN:8,(anonymous_2)
FN:9,(anonymous_3)
FN:16,(anonymous_4)
FN:25,(anonymous_5)
FN:26,(anonymous_6)
FN:29,(anonymous_7)
FNF:8
FNH:7
FNDA:3,(anonymous_0)
FNDA:3,(anonymous_1)
FNDA:3,(anonymous_2)
FNDA:3,(anonymous_3)
FNDA:4,(anonymous_4)
FNDA:0,(anonymous_5)
FNDA:3,(anonymous_6)
FNDA:3,(anonymous_7)
DA:3,3
DA:4,3
DA:5,3
DA:7,3
DA:8,3
DA:9,3
DA:10,3
DA:11,3
DA:16,3
DA:17,4
DA:18,0
DA:20,4
DA:21,4
DA:22,1
DA:24,3
DA:25,0
DA:27,3
DA:30,3
DA:31,3
LF:19
LH:17
BRDA:10,0,0,0
BRDA:10,0,1,3
BRDA:17,1,0,0
BRDA:17,1,1,4
BRDA:21,2,0,1
BRDA:21,2,1,3
BRF:6
BRH:4
end_of_record
TN:
SF:/home/penssake/401Codellows/lab-assignments/16-19-rest-api-with-auth-and-file-assets/lab2-christina/lib/error-middleware.js
FN:3,(anonymous_0)
FNF:1
FNH:1
FNDA:5,(anonymous_0)
DA:3,3
DA:5,5
DA:6,3
DA:8,2
DA:10,2
DA:11,0
DA:13,2
DA:14,1
DA:16,1
DA:17,0
DA:19,1
DA:20,0
DA:22,1
LF:13
LH:10
BRDA:5,0,0,3
BRDA:5,0,1,2
BRDA:10,1,0,0
BRDA:10,1,1,2
BRDA:13,2,0,1
BRDA:13,2,1,1
BRDA:16,3,0,0
BRDA:16,3,1,1
BRDA:19,4,0,0
BRDA:19,4,1,1
BRF:10
BRH:7
end_of_record
TN:
SF:/home/penssake/401Codellows/lab-assignments/16-19-rest-api-with-auth-and-file-assets/lab2-christina/lib/s3.js
FN:7,(anonymous_0)
FN:15,(anonymous_1)
FN:17,(anonymous_2)
FN:19,(anonymous_3)
FN:21,(anonymous_4)
FN:25,(anonymous_5)
FNF:6
FNH:0
FNDA:0,(anonymous_0)
FNDA:0,(anonymous_1)
FNDA:0,(anonymous_2)
FNDA:0,(anonymous_3)
FNDA:0,(anonymous_4)
FNDA:0,(anonymous_5)
DA:3,3
DA:4,3
DA:5,3
DA:7,3
DA:8,0
DA:16,0
DA:17,0
DA:20,0
DA:21,0
DA:25,3
DA:26,0
DA:33,3
LF:12
LH:6
BRF:0
BRH:0
end_of_record
TN:
SF:/home/penssake/401Codellows/lab-assignments/16-19-rest-api-with-auth-and-file-assets/lab2-christina/lib/server.js
FN:25,(anonymous_0)
FN:29,(anonymous_1)
FN:30,(anonymous_2)
FN:33,(anonymous_3)
FN:38,(anonymous_4)
FN:40,(anonymous_5)
FN:41,(anonymous_6)
FN:44,(anonymous_7)
FN:50,(anonymous_8)
FNF:9
FNH:8
FNDA:0,(anonymous_0)
FNDA:3,(anonymous_1)
FNDA:3,(anonymous_2)
FNDA:3,(anonymous_3)
FNDA:3,(anonymous_4)
FNDA:3,(anonymous_5)
FNDA:3,(anonymous_6)
FNDA:3,(anonymous_7)
FNDA:3,(anonymous_8)
DA:3,3
DA:4,3
DA:5,3
DA:6,3
DA:7,3
DA:8,3
DA:9,3
DA:10,3
DA:11,3
DA:13,3
DA:14,3
DA:15,3
DA:17,3
DA:18,3
DA:19,3
DA:21,3
DA:22,3
DA:23,3
DA:25,3
DA:26,3
DA:28,3
DA:30,3
DA:31,3
DA:32,0
DA:33,3
DA:34,3
DA:35,3
DA:38,3
DA:41,3
DA:42,3
DA:43,0
DA:44,3
DA:45,3
DA:46,3
DA:47,3
DA:50,3
LF:36
LH:34
BRDA:19,0,0,0
BRDA:19,0,1,3
BRDA:31,1,0,0
BRDA:31,1,1,3
BRDA:42,2,0,0
BRDA:42,2,1,3
BRF:6
BRH:3
end_of_record
TN:
SF:/home/penssake/401Codellows/lab-assignments/16-19-rest-api-with-auth-and-file-assets/lab2-christina/model/account.js
FN:14,(anonymous_0)
FN:17,(anonymous_1)
FN:19,(anonymous_2)
FN:26,(anonymous_3)
FN:29,(anonymous_4)
FN:35,(anonymous_5)
FN:39,(anonymous_6)
FN:49,(anonymous_7)
FN:53,(anonymous_8)
FNF:9
FNH:5
FNDA:10,(anonymous_0)
FNDA:0,(anonymous_1)
FNDA:0,(anonymous_2)
FNDA:4,(anonymous_3)
FNDA:4,(anonymous_4)
FNDA:0,(anonymous_5)
FNDA:0,(anonymous_6)
FNDA:6,(anonymous_7)
FNDA:4,(anonymous_8)
DA:3,3
DA:4,3
DA:5,3
DA:6,3
DA:7,3
DA:9,3
DA:14,10
DA:17,3
DA:18,0
DA:20,0
DA:21,0
DA:22,0
DA:26,3
DA:27,4
DA:28,4
DA:30,4
DA:31,4
DA:35,3
DA:36,0
DA:37,0
DA:38,0
DA:40,0
DA:41,0
DA:42,0
DA:43,0
DA:47,3
DA:49,3
DA:50,6
DA:51,6
DA:52,6
DA:54,4
DA:55,4
DA:56,4
LF:33
LH:22
BRDA:20,0,0,0
BRDA:20,0,1,0
BRF:2
BRH:0
end_of_record
TN:
SF:/home/penssake/401Codellows/lab-assignments/16-19-rest-api-with-auth-and-file-assets/lab2-christina/model/profile.js
FNF:0
FNH:0
DA:3,3
DA:5,3
DA:17,3
LF:3
LH:3
BRF:0
BRH:0
end_of_record
TN:
SF:/home/penssake/401Codellows/lab-assignments/16-19-rest-api-with-auth-and-file-assets/lab2-christina/model/sample.js
FN:9,(anonymous_0)
FNF:1
FNH:0
FNDA:0,(anonymous_0)
DA:3,3
DA:5,3
DA:9,0
DA:12,3
LF:4
LH:3
BRF:0
BRH:0
end_of_record
TN:
SF:/home/penssake/401Codellows/lab-assignments/16-19-rest-api-with-auth-and-file-assets/lab2-christina/route/auth-router.js
FN:11,(anonymous_0)
FN:16,(anonymous_1)
FN:17,(anonymous_2)
FN:23,(anonymous_3)
FN:27,(anonymous_4)
FNF:5
FNH:3
FNDA:2,(anonymous_0)
FNDA:1,(anonymous_1)
FNDA:1,(anonymous_2)
FNDA:0,(anonymous_3)
FNDA:0,(anonymous_4)
DA:3,3
DA:4,3
DA:5,3
DA:6,3
DA:7,3
DA:10,3
DA:12,2
DA:13,1
DA:15,1
DA:16,1
DA:18,1
DA:24,0
DA:25,0
DA:26,0
DA:27,0
LF:15
LH:11
BRDA:12,0,0,1
BRDA:12,0,1,1
BRDA:12,1,0,2
BRDA:12,1,1,1
BRDA:12,1,2,1
BRDA:24,2,0,0
BRDA:24,2,1,0
BRF:7
BRH:5
end_of_record
TN:
SF:/home/penssake/401Codellows/lab-assignments/16-19-rest-api-with-auth-and-file-assets/lab2-christina/route/profile-router.js
FN:10,(anonymous_0)
FN:19,(anonymous_1)
FN:24,(anonymous_2)
FN:26,(anonymous_3)
FNF:4
FNH:2
FNDA:2,(anonymous_0)
FNDA:1,(anonymous_1)
FNDA:0,(anonymous_2)
FNDA:0,(anonymous_3)
DA:3,3
DA:4,3
DA:5,3
DA:6,3
DA:7,3
DA:9,3
DA:11,2
DA:12,0
DA:13,2
DA:20,1
DA:25,0
DA:27,0
DA:28,0
DA:29,0
LF:14
LH:9
BRDA:11,0,0,0
BRDA:11,0,1,2
BRDA:27,1,0,0
BRDA:27,1,1,0
BRF:4
BRH:1
end_of_record
TN:
SF:/home/penssake/401Codellows/lab-assignments/16-19-rest-api-with-auth-and-file-assets/lab2-christina/route/sample-router.js
FN:11,(anonymous_0)
FN:19,(anonymous_1)
FN:26,(anonymous_2)
FNF:3
FNH:1
FNDA:1,(anonymous_0)
FNDA:0,(anonymous_1)
FNDA:0,(anonymous_2)
DA:1,3
DA:2,3
DA:3,3
DA:4,3
DA:5,3
DA:6,3
DA:8,3
DA:10,3
DA:12,1
DA:13,1
DA:14,0
DA:16,0
DA:17,0
DA:18,0
DA:20,0
DA:26,0
DA:29,0
LF:17
LH:10
BRDA:13,0,0,0
BRDA:13,0,1,0
BRDA:13,1,0,1
BRDA:13,1,1,1
BRDA:13,1,2,1
BRF:5
BRH:3
end_of_record
